Determining if the pthread_create exist failed with the following output:
Change Dir: /home/jiameng/catkin_dvrk/build_release/universal_robot_ros/CMakeFiles/CMakeTmp

Run Build Command:"/usr/bin/make" "cmTC_76000/fast"
/usr/bin/make -f CMakeFiles/cmTC_76000.dir/build.make CMakeFiles/cmTC_76000.dir/build
make[1]: Entering directory '/home/jiameng/catkin_dvrk/build_release/universal_robot_ros/CMakeFiles/CMakeTmp'
Building C object CMakeFiles/cmTC_76000.dir/CheckSymbolExists.c.o
/usr/bin/cc     -o CMakeFiles/cmTC_76000.dir/CheckSymbolExists.c.o   -c /home/jiameng/catkin_dvrk/build_release/universal_robot_ros/CMakeFiles/CMakeTmp/CheckSymbolExists.c
Linking C executable cmTC_76000
/usr/bin/cmake -E cmake_link_script CMakeFiles/cmTC_76000.dir/link.txt --verbose=1
/usr/bin/cc       CMakeFiles/cmTC_76000.dir/CheckSymbolExists.c.o  -o cmTC_76000 -rdynamic 
CMakeFiles/cmTC_76000.dir/CheckSymbolExists.c.o: In function `main':
CheckSymbolExists.c:(.text+0x16): undefined reference to `pthread_create'
collect2: error: ld returned 1 exit status
CMakeFiles/cmTC_76000.dir/build.make:97: recipe for target 'cmTC_76000' failed
make[1]: *** [cmTC_76000] Error 1
make[1]: Leaving directory '/home/jiameng/catkin_dvrk/build_release/universal_robot_ros/CMakeFiles/CMakeTmp'
Makefile:126: recipe for target 'cmTC_76000/fast' failed
make: *** [cmTC_76000/fast] Error 2

File /home/jiameng/catkin_dvrk/build_release/universal_robot_ros/CMakeFiles/CMakeTmp/CheckSymbolExists.c:
/* */
#include <pthread.h>

int main(int argc, char** argv)
{
  (void)argv;
#ifndef pthread_create
  return ((int*)(&pthread_create))[argc];
#else
  (void)argc;
  return 0;
#endif
}

Determining if the function pthread_create exists in the pthreads failed with the following output:
Change Dir: /home/jiameng/catkin_dvrk/build_release/universal_robot_ros/CMakeFiles/CMakeTmp

Run Build Command:"/usr/bin/make" "cmTC_4d181/fast"
/usr/bin/make -f CMakeFiles/cmTC_4d181.dir/build.make CMakeFiles/cmTC_4d181.dir/build
make[1]: Entering directory '/home/jiameng/catkin_dvrk/build_release/universal_robot_ros/CMakeFiles/CMakeTmp'
Building C object CMakeFiles/cmTC_4d181.dir/CheckFunctionExists.c.o
/usr/bin/cc    -DCHECK_FUNCTION_EXISTS=pthread_create   -o CMakeFiles/cmTC_4d181.dir/CheckFunctionExists.c.o   -c /usr/share/cmake-3.5/Modules/CheckFunctionExists.c
Linking C executable cmTC_4d181
/usr/bin/cmake -E cmake_link_script CMakeFiles/cmTC_4d181.dir/link.txt --verbose=1
/usr/bin/cc   -DCHECK_FUNCTION_EXISTS=pthread_create    CMakeFiles/cmTC_4d181.dir/CheckFunctionExists.c.o  -o cmTC_4d181 -rdynamic -lpthreads 
/usr/bin/ld: cannot find -lpthreads
collect2: error: ld returned 1 exit status
CMakeFiles/cmTC_4d181.dir/build.make:97: recipe for target 'cmTC_4d181' failed
make[1]: *** [cmTC_4d181] Error 1
make[1]: Leaving directory '/home/jiameng/catkin_dvrk/build_release/universal_robot_ros/CMakeFiles/CMakeTmp'
Makefile:126: recipe for target 'cmTC_4d181/fast' failed
make: *** [cmTC_4d181/fast] Error 2


