Determining if the pthread_create exist failed with the following output:
Change Dir: /home/jiameng/catkin_dvrk/build_release/optoforce_ros/CMakeFiles/CMakeTmp

Run Build Command:"/usr/bin/make" "cmTC_5b539/fast"
/usr/bin/make -f CMakeFiles/cmTC_5b539.dir/build.make CMakeFiles/cmTC_5b539.dir/build
make[1]: Entering directory '/home/jiameng/catkin_dvrk/build_release/optoforce_ros/CMakeFiles/CMakeTmp'
Building C object CMakeFiles/cmTC_5b539.dir/CheckSymbolExists.c.o
/usr/bin/cc     -o CMakeFiles/cmTC_5b539.dir/CheckSymbolExists.c.o   -c /home/jiameng/catkin_dvrk/build_release/optoforce_ros/CMakeFiles/CMakeTmp/CheckSymbolExists.c
Linking C executable cmTC_5b539
/usr/bin/cmake -E cmake_link_script CMakeFiles/cmTC_5b539.dir/link.txt --verbose=1
/usr/bin/cc       CMakeFiles/cmTC_5b539.dir/CheckSymbolExists.c.o  -o cmTC_5b539 -rdynamic 
CMakeFiles/cmTC_5b539.dir/CheckSymbolExists.c.o: In function `main':
CheckSymbolExists.c:(.text+0x16): undefined reference to `pthread_create'
collect2: error: ld returned 1 exit status
CMakeFiles/cmTC_5b539.dir/build.make:97: recipe for target 'cmTC_5b539' failed
make[1]: *** [cmTC_5b539] Error 1
make[1]: Leaving directory '/home/jiameng/catkin_dvrk/build_release/optoforce_ros/CMakeFiles/CMakeTmp'
Makefile:126: recipe for target 'cmTC_5b539/fast' failed
make: *** [cmTC_5b539/fast] Error 2

File /home/jiameng/catkin_dvrk/build_release/optoforce_ros/CMakeFiles/CMakeTmp/CheckSymbolExists.c:
/* */
#include <pthread.h>

int main(int argc, char** argv)
{
  (void)argv;
#ifndef pthread_create
  return ((int*)(&pthread_create))[argc];
#else
  (void)argc;
  return 0;
#endif
}

Determining if the function pthread_create exists in the pthreads failed with the following output:
Change Dir: /home/jiameng/catkin_dvrk/build_release/optoforce_ros/CMakeFiles/CMakeTmp

Run Build Command:"/usr/bin/make" "cmTC_1099d/fast"
/usr/bin/make -f CMakeFiles/cmTC_1099d.dir/build.make CMakeFiles/cmTC_1099d.dir/build
make[1]: Entering directory '/home/jiameng/catkin_dvrk/build_release/optoforce_ros/CMakeFiles/CMakeTmp'
Building C object CMakeFiles/cmTC_1099d.dir/CheckFunctionExists.c.o
/usr/bin/cc    -DCHECK_FUNCTION_EXISTS=pthread_create   -o CMakeFiles/cmTC_1099d.dir/CheckFunctionExists.c.o   -c /usr/share/cmake-3.5/Modules/CheckFunctionExists.c
Linking C executable cmTC_1099d
/usr/bin/cmake -E cmake_link_script CMakeFiles/cmTC_1099d.dir/link.txt --verbose=1
/usr/bin/cc   -DCHECK_FUNCTION_EXISTS=pthread_create    CMakeFiles/cmTC_1099d.dir/CheckFunctionExists.c.o  -o cmTC_1099d -rdynamic -lpthreads 
/usr/bin/ld: cannot find -lpthreads
collect2: error: ld returned 1 exit status
CMakeFiles/cmTC_1099d.dir/build.make:97: recipe for target 'cmTC_1099d' failed
make[1]: *** [cmTC_1099d] Error 1
make[1]: Leaving directory '/home/jiameng/catkin_dvrk/build_release/optoforce_ros/CMakeFiles/CMakeTmp'
Makefile:126: recipe for target 'cmTC_1099d/fast' failed
make: *** [cmTC_1099d/fast] Error 2


