[  0%] Built target std_msgs_generate_messages_nodejs
[  0%] Built target geometry_msgs_generate_messages_nodejs
[  0%] Built target _cisst_msgs_generate_messages_check_deps_prmCartesianImpedanceGains
[  0%] Built target _cisst_msgs_generate_messages_check_deps_StringStamped
[  0%] Built target std_msgs_generate_messages_py
[  0%] Built target _cisst_msgs_generate_messages_check_deps_BoolStamped
[  0%] Built target _cisst_msgs_generate_messages_check_deps_mtsIntervalStatistics
[  0%] Built target geometry_msgs_generate_messages_eus
[  0%] Built target geometry_msgs_generate_messages_py
[  0%] Built target _cisst_msgs_generate_messages_check_deps_vctDoubleVec
[  0%] Built target std_msgs_generate_messages_eus
[  0%] Built target geometry_msgs_generate_messages_cpp
[  0%] Built target std_msgs_generate_messages_cpp
[  0%] Built target std_msgs_generate_messages_lisp
[ 40%] Built target cisst_msgs_generate_messages_eus
[ 40%] Built target cisst_msgs_generate_messages_nodejs
[ 62%] Built target cisst_msgs_generate_messages_py
[ 62%] Built target geometry_msgs_generate_messages_lisp
[ 81%] Built target cisst_msgs_generate_messages_cpp
[100%] Built target cisst_msgs_generate_messages_lisp
[100%] Built target cisst_msgs_generate_messages
