Symlinking /home/jiameng/catkin_dvrk/devel_release/share/gennodejs/ros/cisst_msgs/_index.js
Symlinking /home/jiameng/catkin_dvrk/devel_release/share/gennodejs/ros/cisst_msgs/msg/mtsIntervalStatistics.js
Symlinking /home/jiameng/catkin_dvrk/devel_release/share/gennodejs/ros/cisst_msgs/msg/_index.js
Symlinking /home/jiameng/catkin_dvrk/devel_release/share/gennodejs/ros/cisst_msgs/msg/prmCartesianImpedanceGains.js
Symlinking /home/jiameng/catkin_dvrk/devel_release/share/gennodejs/ros/cisst_msgs/msg/BoolStamped.js
Symlinking /home/jiameng/catkin_dvrk/devel_release/share/gennodejs/ros/cisst_msgs/msg/StringStamped.js
Symlinking /home/jiameng/catkin_dvrk/devel_release/share/gennodejs/ros/cisst_msgs/msg/vctDoubleVec.js
Symlinking /home/jiameng/catkin_dvrk/devel_release/share/common-lisp/ros/cisst_msgs/msg/_package.lisp
Symlinking /home/jiameng/catkin_dvrk/devel_release/share/common-lisp/ros/cisst_msgs/msg/_package_StringStamped.lisp
Symlinking /home/jiameng/catkin_dvrk/devel_release/share/common-lisp/ros/cisst_msgs/msg/cisst_msgs-msg.asd
Symlinking /home/jiameng/catkin_dvrk/devel_release/share/common-lisp/ros/cisst_msgs/msg/BoolStamped.lisp
Symlinking /home/jiameng/catkin_dvrk/devel_release/share/common-lisp/ros/cisst_msgs/msg/_package_vctDoubleVec.lisp
Symlinking /home/jiameng/catkin_dvrk/devel_release/share/common-lisp/ros/cisst_msgs/msg/mtsIntervalStatistics.lisp
Symlinking /home/jiameng/catkin_dvrk/devel_release/share/common-lisp/ros/cisst_msgs/msg/prmCartesianImpedanceGains.lisp
Symlinking /home/jiameng/catkin_dvrk/devel_release/share/common-lisp/ros/cisst_msgs/msg/_package_prmCartesianImpedanceGains.lisp
Symlinking /home/jiameng/catkin_dvrk/devel_release/share/common-lisp/ros/cisst_msgs/msg/StringStamped.lisp
Symlinking /home/jiameng/catkin_dvrk/devel_release/share/common-lisp/ros/cisst_msgs/msg/vctDoubleVec.lisp
Symlinking /home/jiameng/catkin_dvrk/devel_release/share/common-lisp/ros/cisst_msgs/msg/_package_BoolStamped.lisp
Symlinking /home/jiameng/catkin_dvrk/devel_release/share/common-lisp/ros/cisst_msgs/msg/_package_mtsIntervalStatistics.lisp
Symlinking /home/jiameng/catkin_dvrk/devel_release/share/cisst_msgs/cmake/cisst_msgsConfig-version.cmake
Symlinking /home/jiameng/catkin_dvrk/devel_release/share/cisst_msgs/cmake/cisst_msgsConfig.cmake
Symlinking /home/jiameng/catkin_dvrk/devel_release/share/cisst_msgs/cmake/cisst_msgs-msg-extras.cmake
Symlinking /home/jiameng/catkin_dvrk/devel_release/share/cisst_msgs/cmake/cisst_msgs-msg-paths.cmake
Symlinking /home/jiameng/catkin_dvrk/devel_release/share/roseus/ros/cisst_msgs/manifest.l
Symlinking /home/jiameng/catkin_dvrk/devel_release/share/roseus/ros/cisst_msgs/msg/vctDoubleVec.l
Symlinking /home/jiameng/catkin_dvrk/devel_release/share/roseus/ros/cisst_msgs/msg/mtsIntervalStatistics.l
Symlinking /home/jiameng/catkin_dvrk/devel_release/share/roseus/ros/cisst_msgs/msg/BoolStamped.l
Symlinking /home/jiameng/catkin_dvrk/devel_release/share/roseus/ros/cisst_msgs/msg/StringStamped.l
Symlinking /home/jiameng/catkin_dvrk/devel_release/share/roseus/ros/cisst_msgs/msg/prmCartesianImpedanceGains.l
Symlinking /home/jiameng/catkin_dvrk/devel_release/include/cisst_msgs/mtsIntervalStatistics.h
Symlinking /home/jiameng/catkin_dvrk/devel_release/include/cisst_msgs/prmCartesianImpedanceGains.h
Symlinking /home/jiameng/catkin_dvrk/devel_release/include/cisst_msgs/BoolStamped.h
Symlinking /home/jiameng/catkin_dvrk/devel_release/include/cisst_msgs/vctDoubleVec.h
Symlinking /home/jiameng/catkin_dvrk/devel_release/include/cisst_msgs/StringStamped.h
Symlinking /home/jiameng/catkin_dvrk/devel_release/lib/pkgconfig/cisst_msgs.pc
Symlinking /home/jiameng/catkin_dvrk/devel_release/lib/python2.7/dist-packages/cisst_msgs/__init__.py
Symlinking /home/jiameng/catkin_dvrk/devel_release/lib/python2.7/dist-packages/cisst_msgs/msg/_vctDoubleVec.py
Symlinking /home/jiameng/catkin_dvrk/devel_release/lib/python2.7/dist-packages/cisst_msgs/msg/_StringStamped.py
Symlinking /home/jiameng/catkin_dvrk/devel_release/lib/python2.7/dist-packages/cisst_msgs/msg/_BoolStamped.py
Symlinking /home/jiameng/catkin_dvrk/devel_release/lib/python2.7/dist-packages/cisst_msgs/msg/__init__.py
Symlinking /home/jiameng/catkin_dvrk/devel_release/lib/python2.7/dist-packages/cisst_msgs/msg/_mtsIntervalStatistics.py
Symlinking /home/jiameng/catkin_dvrk/devel_release/lib/python2.7/dist-packages/cisst_msgs/msg/_prmCartesianImpedanceGains.py
