[  1%] [34m[1mAutomatic moc for target cisstVectorQt[0m
[  4%] [34m[1mAutomatic moc for target cisstMultiTaskQt[0m
[  3%] [34m[1mAutomatic moc for target cisstParameterTypesQt[0m
[  7%] Built target cisstReflexxesTypeIIExternal
[  4%] [34m[1mGenerating /home/jiameng/catkin_dvrk/build_release/cisst/include/cisstRevision.h from /home/jiameng/catkin_dvrk/src/cisst-saw/cisst/cisstRevision.h.in[0m
[  7%] [34m[1mGenerating /home/jiameng/catkin_dvrk/build_release/cisst/include/cisstBuildType.h from /home/jiameng/catkin_dvrk/src/cisst-saw/cisst/cisstBuildType.h.in[0m
[  9%] Built target cisstJSONExternal
-- Build type is: Release
Build suffix is: .
fatal: Not a git repository: /home/jiameng/catkin_dvrk/src/cisst-saw/.git/modules/cisst
-- Found Git revision: 
[ 16%] Built target cisstDataGenerator
[ 16%] Built target cisstRevision
[ 16%] Built target cisstBuildType
[ 16%] Built target cisstMultiTaskQt_automoc
[ 16%] Built target cisstParameterTypesQt_automoc
[ 16%] Built target cisstVectorQt_automoc
[35m[1mScanning dependencies of target cisstCommon[0m
[ 16%] [32mBuilding CXX object cisstCommon/code/CMakeFiles/cisstCommon.dir/cmnLogger.cpp.o[0m
[ 16%] [32m[1mLinking CXX shared library ../../lib/libcisstCommon.so[0m
[ 24%] Built target cisstCommon
[ 24%] [32m[1mLinking CXX shared library ../../lib/libcisstOSAbstraction.so[0m
[ 24%] [32m[1mLinking CXX shared library ../../lib/libcisstCommonXML.so[0m
[ 24%] [32m[1mLinking CXX shared library ../../lib/libcisstVector.so[0m
[ 24%] [32m[1mLinking CXX shared module ../../lib/_cisstCommonPython.so[0m
[ 24%] [32m[1mLinking CXX shared library ../../lib/libcisstCommonQt.so[0m
[ 25%] Built target cisstCommonXML
[ 31%] Built target cisstOSAbstraction
[ 38%] Built target cisstVector
[ 38%] [32m[1mLinking CXX shared module ../../lib/_cisstOSAbstractionPython.so[0m
[ 39%] [32m[1mLinking CXX shared library ../../lib/libcisstVectorFLTK.so[0m
[ 39%] Built target _cisstCommonPython
[ 39%] [32m[1mLinking CXX shared module ../../lib/_cisstVectorPython.so[0m
[ 39%] [32m[1mLinking CXX shared library ../../lib/libcisstNumerical.so[0m
[ 39%] [32m[1mLinking CXX shared library ../../lib/libcisstVectorQt.so[0m
[ 40%] Built target cisstCommonQt
[ 41%] Built target _cisstOSAbstractionPython
[ 41%] Built target cisstVectorFLTK
[ 42%] [32m[1mLinking CXX shared library ../../lib/libcisstMultiTask.so[0m
[ 43%] Built target _cisstVectorPython
[ 49%] Built target cisstNumerical
[ 51%] Built target cisstVectorQt
[ 51%] [32m[1mLinking CXX shared module ../../lib/_cisstNumericalPython.so[0m
[ 51%] [32m[1mLinking CXX shared library ../../lib/libcisstRobot.so[0m
[ 52%] Built target _cisstNumericalPython
[ 58%] Built target cisstRobot
[ 58%] [32m[1mLinking CXX shared module ../../lib/_cisstRobotPython.so[0m
[ 59%] Built target _cisstRobotPython
[ 80%] Built target cisstMultiTask
[ 80%] [32m[1mLinking CXX shared module ../../lib/_cisstMultiTaskPython.so[0m
[ 81%] [32m[1mLinking CXX shared library ../../lib/libcisstParameterTypes.so[0m
[ 81%] [32m[1mLinking CXX shared library ../../lib/libcisstMultiTaskQt.so[0m
[ 91%] Built target cisstParameterTypes
[ 91%] [32m[1mLinking CXX shared module ../../lib/_cisstParameterTypesPython.so[0m
[ 91%] [32m[1mLinking CXX shared library ../../lib/libcisstParameterTypesQt.so[0m
[ 92%] Built target _cisstMultiTaskPython
[ 98%] Built target cisstMultiTaskQt
[ 99%] Built target _cisstParameterTypesPython
[100%] Built target cisstParameterTypesQt
