Not searching for unused variables given on the command line.
[36m--[0m The C compiler identification is GNU 5.4.0
[36m--[0m The CXX compiler identification is GNU 5.4.0
[36m--[0m Check for working C compiler: /usr/bin/cc
[36m--[0m Check for working C compiler: /usr/bin/cc -- works
[36m--[0m Detecting C compiler ABI info
[36m--[0m Detecting C compiler ABI info - done
[36m--[0m Detecting C compile features
[36m--[0m Detecting C compile features - done
[36m--[0m Check for working CXX compiler: /usr/bin/c++
[36m--[0m Check for working CXX compiler: /usr/bin/c++ -- works
[36m--[0m Detecting CXX compiler ABI info
[36m--[0m Detecting CXX compiler ABI info - done
[36m--[0m Detecting CXX compile features
[36m--[0m Detecting CXX compile features - done
[36m--[0m Performing Test CXX_SUPPORTS_WEXTRA
[36m--[0m Performing Test CXX_SUPPORTS_WEXTRA - Success
[36m--[0m Performing Test CXX_SUPPORTS_WALL
[36m--[0m Performing Test CXX_SUPPORTS_WALL - Success
[36m--[0m Assuming cisst is built using ROS/catkin since ROS_ROOT is defined in environment
[36m--[0m Found OpenGL: /usr/lib/x86_64-linux-gnu/libGL.so
[36m--[0m Looking for Q_WS_X11
[36m--[0m Looking for Q_WS_X11 - found
[36m--[0m Looking for Q_WS_WIN
[36m--[0m Looking for Q_WS_WIN - not found
[36m--[0m Looking for Q_WS_QWS
[36m--[0m Looking for Q_WS_QWS - not found
[36m--[0m Looking for Q_WS_MAC
[36m--[0m Looking for Q_WS_MAC - not found
[36m--[0m Found Qt4: /usr/bin/qmake (found version "4.8.7")
[36m--[0m Looking for XOpenDisplay in /usr/lib/x86_64-linux-gnu/libX11.so;/usr/lib/x86_64-linux-gnu/libXext.so
[36m--[0m Looking for XOpenDisplay in /usr/lib/x86_64-linux-gnu/libX11.so;/usr/lib/x86_64-linux-gnu/libXext.so - found
[36m--[0m Looking for gethostbyname
[36m--[0m Looking for gethostbyname - found
[36m--[0m Looking for connect
[36m--[0m Looking for connect - found
[36m--[0m Looking for remove
[36m--[0m Looking for remove - found
[36m--[0m Looking for shmat
[36m--[0m Looking for shmat - found
[36m--[0m Looking for IceConnectionNumber in ICE
[36m--[0m Looking for IceConnectionNumber in ICE - found
[36m--[0m Found X11: /usr/lib/x86_64-linux-gnu/libX11.so
[36m--[0m Found FLTK: fltk_images;fltk_forms;fltk_gl;/usr/lib/x86_64-linux-gnu/libGL.so;fltk
[36m--[0m Found SWIG: /usr/bin/swig3.0 (found suitable version "3.0.8", minimum required is "1.3.36")
[36m--[0m Found PythonLibs: /usr/lib/x86_64-linux-gnu/libpython2.7.so (found version "2.7.12")
[36m--[0m Found PythonInterp: /usr/bin/python2.7 (found version "2.7.12")
[36m--[0m Found Numpy: /usr/lib/python2.7/dist-packages/numpy/core/include/numpy
[36m--[0m Found LibXml2: /usr/lib/x86_64-linux-gnu/libxml2.so (found version "2.9.3")
[36m--[0m Performing Test CXX_SUPPORTS_FPIC
[36m--[0m Performing Test CXX_SUPPORTS_FPIC - Success
[36m--[0m Checking to see if size_t is a native type
[36m--[0m Checking to see if size_t is a native type - no
[36m--[0m Performing Test CISST_OSTREAM_CAN_CAST_TO_VOID_PTR
[36m--[0m Performing Test CISST_OSTREAM_CAN_CAST_TO_VOID_PTR - Success
[36m--[0m Performing Test CISST_OSTREAM_CAN_CAST_TO_INT
[36m--[0m Performing Test CISST_OSTREAM_CAN_CAST_TO_INT - Failed
[36m--[0m Looking for isfinite
[36m--[0m Looking for isfinite - found
[36m--[0m Looking for pthread.h
[36m--[0m Looking for pthread.h - found
[36m--[0m Looking for pthread_create
[36m--[0m Looking for pthread_create - not found
[36m--[0m Looking for pthread_create in pthreads
[36m--[0m Looking for pthread_create in pthreads - not found
[36m--[0m Looking for pthread_create in pthread
[36m--[0m Looking for pthread_create in pthread - found
[36m--[0m Found Threads: TRUE
[36m--[0m Found SWIG: /usr/bin/swig3.0 (found version "3.0.8")
CMake Warning (dev) at cmake/cisstMacros.cmake:693 (get_target_property):
  Policy CMP0026 is not set: Disallow use of the LOCATION target property.
  Run "cmake --help-policy CMP0026" for policy details.  Use the cmake_policy
  command to set the policy and suppress this warning.

  The LOCATION property should not be read from target "cisstDataGenerator".
  Use the target name directly with add_custom_command, or use the generator
  expression $<TARGET_FILE>, as appropriate.

[36mCall Stack (most recent call first):[0m
  cisstMultiTask/code/CMakeLists.txt:16 (cisst_data_generator)
This warning is for project developers.  Use -Wno-dev to suppress it.

Information: all libraries and settings have been found for /home/jiameng/catkin_dvrk/src/cisst-saw/cisst/cisstMultiTask/applications/cisstComponentManager, it is possible cisst-config.cmake has not been found yet,  make sure the CMake configuration is complete first.
Information: all libraries and settings have been found for /home/jiameng/catkin_dvrk/src/cisst-saw/cisst/cisstMultiTask/applications/cisstLogger, it is possible cisst-config.cmake has not been found yet,  make sure the CMake configuration is complete first.
Information: code in /home/jiameng/catkin_dvrk/src/cisst-saw/cisst/cisstMultiTask/applications/cisstIREComponent will not be compiled, it requires cisstInteractive.  You have to change your cisst configuration if you need these features.
CMake Warning (dev) at cmake/cisstMacros.cmake:693 (get_target_property):
  Policy CMP0026 is not set: Disallow use of the LOCATION target property.
  Run "cmake --help-policy CMP0026" for policy details.  Use the cmake_policy
  command to set the policy and suppress this warning.

  The LOCATION property should not be read from target "cisstDataGenerator".
  Use the target name directly with add_custom_command, or use the generator
  expression $<TARGET_FILE>, as appropriate.

[36mCall Stack (most recent call first):[0m
  cisstParameterTypes/code/CMakeLists.txt:15 (cisst_data_generator)
This warning is for project developers.  Use -Wno-dev to suppress it.

Information: code in /home/jiameng/catkin_dvrk/src/cisst-saw/cisst/cisstRobot/applications/cisstRandomJoints will not be compiled, it requires cisstCommon;cisstVector;cisstOSAbstraction;cisstRobot;cisstNumerical
Information: code in /home/jiameng/catkin_dvrk/src/cisst-saw/cisst/cisstRobot/applications/cisstForwardKinematics will not be compiled, it requires cisstCommon;cisstVector;cisstOSAbstraction;cisstRobot;cisstNumerical
Information: code in /home/jiameng/catkin_dvrk/src/cisst-saw/cisst/cisstRobot/applications/cisstKinematicsIdentification will not be compiled, it requires cisstCommon;cisstVector;cisstOSAbstraction;cisstRobot;cisstNumerical
Information: code in /home/jiameng/catkin_dvrk/src/cisst-saw/cisst/cisstRobot/applications/cisstRobotSensorCalibration will not be compiled, it requires cisstCommon;cisstVector;cisstOSAbstraction;cisstRobot;cisstNumerical
[33m[1mCMake Warning[0m at /home/jiameng/catkin_dvrk/src/cisst-saw/cisst/share/CMakeLists.txt:18 (find_package):
  By not providing "Findcisst.cmake" in CMAKE_MODULE_PATH this project has
  asked CMake to find a package configuration file provided by "cisst", but
  CMake did not find one.

  Could not find a package configuration file provided by "cisst" with any of
  the following names:

    cisstConfig.cmake
    cisst-config.cmake

  Add the installation prefix of "cisst" to CMAKE_PREFIX_PATH or set
  "cisst_DIR" to a directory containing one of the above files.  If "cisst"
  provides a separate development package or SDK, be sure it has been
  installed.


[36m--[0m Configuring done
CMake Warning (dev) in cisstVector/codeQt/CMakeLists.txt:
  Policy CMP0043 is not set: Ignore COMPILE_DEFINITIONS_<Config> properties.
  Run "cmake --help-policy CMP0043" for policy details.  Use the cmake_policy
  command to set the policy and suppress this warning.
This warning is for project developers.  Use -Wno-dev to suppress it.

CMake Warning (dev) in cisstVector/codeQt/CMakeLists.txt:
  Policy CMP0043 is not set: Ignore COMPILE_DEFINITIONS_<Config> properties.
  Run "cmake --help-policy CMP0043" for policy details.  Use the cmake_policy
  command to set the policy and suppress this warning.
This warning is for project developers.  Use -Wno-dev to suppress it.

CMake Warning (dev) in cisstMultiTask/codeQt/CMakeLists.txt:
  Policy CMP0043 is not set: Ignore COMPILE_DEFINITIONS_<Config> properties.
  Run "cmake --help-policy CMP0043" for policy details.  Use the cmake_policy
  command to set the policy and suppress this warning.
This warning is for project developers.  Use -Wno-dev to suppress it.

CMake Warning (dev) in cisstMultiTask/codeQt/CMakeLists.txt:
  Policy CMP0043 is not set: Ignore COMPILE_DEFINITIONS_<Config> properties.
  Run "cmake --help-policy CMP0043" for policy details.  Use the cmake_policy
  command to set the policy and suppress this warning.
This warning is for project developers.  Use -Wno-dev to suppress it.

CMake Warning (dev) in cisstParameterTypes/codeQt/CMakeLists.txt:
  Policy CMP0043 is not set: Ignore COMPILE_DEFINITIONS_<Config> properties.
  Run "cmake --help-policy CMP0043" for policy details.  Use the cmake_policy
  command to set the policy and suppress this warning.
This warning is for project developers.  Use -Wno-dev to suppress it.

CMake Warning (dev) in cisstParameterTypes/codeQt/CMakeLists.txt:
  Policy CMP0043 is not set: Ignore COMPILE_DEFINITIONS_<Config> properties.
  Run "cmake --help-policy CMP0043" for policy details.  Use the cmake_policy
  command to set the policy and suppress this warning.
This warning is for project developers.  Use -Wno-dev to suppress it.

CMake Warning (dev) in cisstCommon/codeQt/CMakeLists.txt:
  Policy CMP0043 is not set: Ignore COMPILE_DEFINITIONS_<Config> properties.
  Run "cmake --help-policy CMP0043" for policy details.  Use the cmake_policy
  command to set the policy and suppress this warning.
This warning is for project developers.  Use -Wno-dev to suppress it.

CMake Warning (dev) in cisstCommon/codeQt/CMakeLists.txt:
  Policy CMP0043 is not set: Ignore COMPILE_DEFINITIONS_<Config> properties.
  Run "cmake --help-policy CMP0043" for policy details.  Use the cmake_policy
  command to set the policy and suppress this warning.
This warning is for project developers.  Use -Wno-dev to suppress it.

CMake Warning (dev) in cisstVector/codeQt/CMakeLists.txt:
  Policy CMP0043 is not set: Ignore COMPILE_DEFINITIONS_<Config> properties.
  Run "cmake --help-policy CMP0043" for policy details.  Use the cmake_policy
  command to set the policy and suppress this warning.
This warning is for project developers.  Use -Wno-dev to suppress it.

CMake Warning (dev) in cisstVector/codeQt/CMakeLists.txt:
  Policy CMP0043 is not set: Ignore COMPILE_DEFINITIONS_<Config> properties.
  Run "cmake --help-policy CMP0043" for policy details.  Use the cmake_policy
  command to set the policy and suppress this warning.
This warning is for project developers.  Use -Wno-dev to suppress it.

CMake Warning (dev) in cisstMultiTask/codeQt/CMakeLists.txt:
  Policy CMP0043 is not set: Ignore COMPILE_DEFINITIONS_<Config> properties.
  Run "cmake --help-policy CMP0043" for policy details.  Use the cmake_policy
  command to set the policy and suppress this warning.
This warning is for project developers.  Use -Wno-dev to suppress it.

CMake Warning (dev) in cisstMultiTask/codeQt/CMakeLists.txt:
  Policy CMP0043 is not set: Ignore COMPILE_DEFINITIONS_<Config> properties.
  Run "cmake --help-policy CMP0043" for policy details.  Use the cmake_policy
  command to set the policy and suppress this warning.
This warning is for project developers.  Use -Wno-dev to suppress it.

CMake Warning (dev) in cisstParameterTypes/codeQt/CMakeLists.txt:
  Policy CMP0043 is not set: Ignore COMPILE_DEFINITIONS_<Config> properties.
  Run "cmake --help-policy CMP0043" for policy details.  Use the cmake_policy
  command to set the policy and suppress this warning.
This warning is for project developers.  Use -Wno-dev to suppress it.

CMake Warning (dev) in cisstParameterTypes/codeQt/CMakeLists.txt:
  Policy CMP0043 is not set: Ignore COMPILE_DEFINITIONS_<Config> properties.
  Run "cmake --help-policy CMP0043" for policy details.  Use the cmake_policy
  command to set the policy and suppress this warning.
This warning is for project developers.  Use -Wno-dev to suppress it.

[36m--[0m Generating done
[36m--[0m Build files have been written to: /home/jiameng/catkin_dvrk/build_release/cisst
