[35m[1mScanning dependencies of target sawIntuitiveResearchKitDerivedTeleOperationPSM[0m
[ 50%] [32mBuilding CXX object CMakeFiles/sawIntuitiveResearchKitDerivedTeleOperationPSM.dir/code/mtsDerivedTeleOperationPSM.cpp.o[0m
In file included from [01m[K/home/jiameng/catkin_dvrk/src/cisst-saw/cisst/cisstCommon/cmnGenericObject.h:179:0[m[K,
                 from [01m[K/home/jiameng/catkin_dvrk/src/cisst-saw/cisst/cisstCommon/cmnClassServices.h:34[m[K,
                 from [01m[K/home/jiameng/catkin_dvrk/src/cisst-saw/cisst/cisstMultiTask/mtsForwardDeclarations.h:29[m[K,
                 from [01m[K/home/jiameng/catkin_dvrk/src/cisst-saw/cisst/cisstMultiTask/mtsTask.h:35[m[K,
                 from [01m[K/home/jiameng/catkin_dvrk/src/cisst-saw/cisst/cisstMultiTask/mtsTaskContinuous.h:28[m[K,
                 from [01m[K/home/jiameng/catkin_dvrk/src/cisst-saw/cisst/cisstMultiTask/mtsTaskPeriodic.h:29[m[K,
                 from [01m[K/home/jiameng/catkin_dvrk/src/cisst-saw/sawIntuitiveResearchKit/components/include/sawIntuitiveResearchKit/mtsTeleOperationPSM.h:22[m[K,
                 from [01m[K/home/jiameng/catkin_dvrk/src/cisst-saw/sawIntuitiveResearchKit/examples/derivedTeleOperationPSM/components/include/mtsDerivedTeleOperationPSM.h:22[m[K,
                 from [01m[K/home/jiameng/catkin_dvrk/src/cisst-saw/sawIntuitiveResearchKit/examples/derivedTeleOperationPSM/components/code/mtsDerivedTeleOperationPSM.cpp:19[m[K:
[01m[K/home/jiameng/catkin_dvrk/src/cisst-saw/sawIntuitiveResearchKit/examples/derivedTeleOperationPSM/components/code/mtsDerivedTeleOperationPSM.cpp:28:39:[m[K [01;35m[Kwarning: [m[K‘[01m[KmtsDerivedTeleOperationPSMClassServicesPointer[m[K’ defined but not used [-Wunused-variable]
 CMN_IMPLEMENT_SERVICES_DERIVED_ONEARG(mtsDerivedTeleOperationPSM,
[01;32m[K                                       ^[m[K
[01m[K/home/jiameng/catkin_dvrk/src/cisst-saw/cisst/cisstCommon/cmnClassRegisterMacros.h:265:31:[m[K [01;36m[Knote: [m[Kin definition of macro ‘[01m[KCMN_IMPLEMENT_SERVICES_INTERNAL[m[K’
 static cmnClassServicesBase * className##ClassServicesPointer = className::ClassServices();
[01;32m[K                               ^[m[K
[01m[K/home/jiameng/catkin_dvrk/src/cisst-saw/sawIntuitiveResearchKit/examples/derivedTeleOperationPSM/components/code/mtsDerivedTeleOperationPSM.cpp:28:1:[m[K [01;36m[Knote: [m[Kin expansion of macro ‘[01m[KCMN_IMPLEMENT_SERVICES_DERIVED_ONEARG[m[K’
 CMN_IMPLEMENT_SERVICES_DERIVED_ONEARG(mtsDerivedTeleOperationPSM,
[01;32m[K ^[m[K
[100%] [32m[1mLinking CXX shared library /home/jiameng/catkin_dvrk/devel_release/.private/saw_intuitive_research_kit_example_derived_teleop_psm/lib/libsawIntuitiveResearchKitDerivedTeleOperationPSM.so[0m
[100%] Built target sawIntuitiveResearchKitDerivedTeleOperationPSM
