Determining if the pthread_create exist failed with the following output:
Change Dir: /home/jiameng/catkin_dvrk/build_release/dvrk_robot/CMakeFiles/CMakeTmp

Run Build Command:"/usr/bin/make" "cmTC_2f77d/fast"
/usr/bin/make -f CMakeFiles/cmTC_2f77d.dir/build.make CMakeFiles/cmTC_2f77d.dir/build
make[1]: Entering directory '/home/jiameng/catkin_dvrk/build_release/dvrk_robot/CMakeFiles/CMakeTmp'
Building C object CMakeFiles/cmTC_2f77d.dir/CheckSymbolExists.c.o
/usr/bin/cc     -o CMakeFiles/cmTC_2f77d.dir/CheckSymbolExists.c.o   -c /home/jiameng/catkin_dvrk/build_release/dvrk_robot/CMakeFiles/CMakeTmp/CheckSymbolExists.c
Linking C executable cmTC_2f77d
/usr/bin/cmake -E cmake_link_script CMakeFiles/cmTC_2f77d.dir/link.txt --verbose=1
/usr/bin/cc       CMakeFiles/cmTC_2f77d.dir/CheckSymbolExists.c.o  -o cmTC_2f77d -rdynamic 
CMakeFiles/cmTC_2f77d.dir/CheckSymbolExists.c.o: In function `main':
CheckSymbolExists.c:(.text+0x16): undefined reference to `pthread_create'
collect2: error: ld returned 1 exit status
CMakeFiles/cmTC_2f77d.dir/build.make:97: recipe for target 'cmTC_2f77d' failed
make[1]: *** [cmTC_2f77d] Error 1
make[1]: Leaving directory '/home/jiameng/catkin_dvrk/build_release/dvrk_robot/CMakeFiles/CMakeTmp'
Makefile:126: recipe for target 'cmTC_2f77d/fast' failed
make: *** [cmTC_2f77d/fast] Error 2

File /home/jiameng/catkin_dvrk/build_release/dvrk_robot/CMakeFiles/CMakeTmp/CheckSymbolExists.c:
/* */
#include <pthread.h>

int main(int argc, char** argv)
{
  (void)argv;
#ifndef pthread_create
  return ((int*)(&pthread_create))[argc];
#else
  (void)argc;
  return 0;
#endif
}

Determining if the function pthread_create exists in the pthreads failed with the following output:
Change Dir: /home/jiameng/catkin_dvrk/build_release/dvrk_robot/CMakeFiles/CMakeTmp

Run Build Command:"/usr/bin/make" "cmTC_abc16/fast"
/usr/bin/make -f CMakeFiles/cmTC_abc16.dir/build.make CMakeFiles/cmTC_abc16.dir/build
make[1]: Entering directory '/home/jiameng/catkin_dvrk/build_release/dvrk_robot/CMakeFiles/CMakeTmp'
Building C object CMakeFiles/cmTC_abc16.dir/CheckFunctionExists.c.o
/usr/bin/cc    -DCHECK_FUNCTION_EXISTS=pthread_create   -o CMakeFiles/cmTC_abc16.dir/CheckFunctionExists.c.o   -c /usr/share/cmake-3.5/Modules/CheckFunctionExists.c
Linking C executable cmTC_abc16
/usr/bin/cmake -E cmake_link_script CMakeFiles/cmTC_abc16.dir/link.txt --verbose=1
/usr/bin/cc   -DCHECK_FUNCTION_EXISTS=pthread_create    CMakeFiles/cmTC_abc16.dir/CheckFunctionExists.c.o  -o cmTC_abc16 -rdynamic -lpthreads 
/usr/bin/ld: cannot find -lpthreads
collect2: error: ld returned 1 exit status
CMakeFiles/cmTC_abc16.dir/build.make:97: recipe for target 'cmTC_abc16' failed
make[1]: *** [cmTC_abc16] Error 1
make[1]: Leaving directory '/home/jiameng/catkin_dvrk/build_release/dvrk_robot/CMakeFiles/CMakeTmp'
Makefile:126: recipe for target 'cmTC_abc16/fast' failed
make: *** [cmTC_abc16/fast] Error 2


