Determining if the pthread_create exist failed with the following output:
Change Dir: /home/jiameng/catkin_dvrk/build_release/dvrk_config/CMakeFiles/CMakeTmp

Run Build Command:"/usr/bin/make" "cmTC_76cd9/fast"
/usr/bin/make -f CMakeFiles/cmTC_76cd9.dir/build.make CMakeFiles/cmTC_76cd9.dir/build
make[1]: Entering directory '/home/jiameng/catkin_dvrk/build_release/dvrk_config/CMakeFiles/CMakeTmp'
Building C object CMakeFiles/cmTC_76cd9.dir/CheckSymbolExists.c.o
/usr/bin/cc     -o CMakeFiles/cmTC_76cd9.dir/CheckSymbolExists.c.o   -c /home/jiameng/catkin_dvrk/build_release/dvrk_config/CMakeFiles/CMakeTmp/CheckSymbolExists.c
Linking C executable cmTC_76cd9
/usr/bin/cmake -E cmake_link_script CMakeFiles/cmTC_76cd9.dir/link.txt --verbose=1
/usr/bin/cc       CMakeFiles/cmTC_76cd9.dir/CheckSymbolExists.c.o  -o cmTC_76cd9 -rdynamic 
CMakeFiles/cmTC_76cd9.dir/CheckSymbolExists.c.o: In function `main':
CheckSymbolExists.c:(.text+0x16): undefined reference to `pthread_create'
collect2: error: ld returned 1 exit status
CMakeFiles/cmTC_76cd9.dir/build.make:97: recipe for target 'cmTC_76cd9' failed
make[1]: *** [cmTC_76cd9] Error 1
make[1]: Leaving directory '/home/jiameng/catkin_dvrk/build_release/dvrk_config/CMakeFiles/CMakeTmp'
Makefile:126: recipe for target 'cmTC_76cd9/fast' failed
make: *** [cmTC_76cd9/fast] Error 2

File /home/jiameng/catkin_dvrk/build_release/dvrk_config/CMakeFiles/CMakeTmp/CheckSymbolExists.c:
/* */
#include <pthread.h>

int main(int argc, char** argv)
{
  (void)argv;
#ifndef pthread_create
  return ((int*)(&pthread_create))[argc];
#else
  (void)argc;
  return 0;
#endif
}

Determining if the function pthread_create exists in the pthreads failed with the following output:
Change Dir: /home/jiameng/catkin_dvrk/build_release/dvrk_config/CMakeFiles/CMakeTmp

Run Build Command:"/usr/bin/make" "cmTC_def45/fast"
/usr/bin/make -f CMakeFiles/cmTC_def45.dir/build.make CMakeFiles/cmTC_def45.dir/build
make[1]: Entering directory '/home/jiameng/catkin_dvrk/build_release/dvrk_config/CMakeFiles/CMakeTmp'
Building C object CMakeFiles/cmTC_def45.dir/CheckFunctionExists.c.o
/usr/bin/cc    -DCHECK_FUNCTION_EXISTS=pthread_create   -o CMakeFiles/cmTC_def45.dir/CheckFunctionExists.c.o   -c /usr/share/cmake-3.5/Modules/CheckFunctionExists.c
Linking C executable cmTC_def45
/usr/bin/cmake -E cmake_link_script CMakeFiles/cmTC_def45.dir/link.txt --verbose=1
/usr/bin/cc   -DCHECK_FUNCTION_EXISTS=pthread_create    CMakeFiles/cmTC_def45.dir/CheckFunctionExists.c.o  -o cmTC_def45 -rdynamic -lpthreads 
/usr/bin/ld: cannot find -lpthreads
collect2: error: ld returned 1 exit status
CMakeFiles/cmTC_def45.dir/build.make:97: recipe for target 'cmTC_def45' failed
make[1]: *** [cmTC_def45] Error 1
make[1]: Leaving directory '/home/jiameng/catkin_dvrk/build_release/dvrk_config/CMakeFiles/CMakeTmp'
Makefile:126: recipe for target 'cmTC_def45/fast' failed
make: *** [cmTC_def45/fast] Error 2


