The system is: Linux - 4.13.0-31-generic - x86_64
Compiling the C compiler identification source file "CMakeCCompilerId.c" succeeded.
Compiler: /usr/bin/cc 
Build flags: 
Id flags: 

The output was:
0


Compilation of the C compiler identification source "CMakeCCompilerId.c" produced "a.out"

The C compiler identification is GNU, found in "/home/jiameng/catkin_dvrk/build_release/cisst/CMakeFiles/3.5.1/CompilerIdC/a.out"

Compiling the CXX compiler identification source file "CMakeCXXCompilerId.cpp" succeeded.
Compiler: /usr/bin/c++ 
Build flags: 
Id flags: 

The output was:
0


Compilation of the CXX compiler identification source "CMakeCXXCompilerId.cpp" produced "a.out"

The CXX compiler identification is GNU, found in "/home/jiameng/catkin_dvrk/build_release/cisst/CMakeFiles/3.5.1/CompilerIdCXX/a.out"

Determining if the C compiler works passed with the following output:
Change Dir: /home/jiameng/catkin_dvrk/build_release/cisst/CMakeFiles/CMakeTmp

Run Build Command:"/usr/bin/make" "cmTC_f785c/fast"
/usr/bin/make -f CMakeFiles/cmTC_f785c.dir/build.make CMakeFiles/cmTC_f785c.dir/build
make[1]: Entering directory '/home/jiameng/catkin_dvrk/build_release/cisst/CMakeFiles/CMakeTmp'
Building C object CMakeFiles/cmTC_f785c.dir/testCCompiler.c.o
/usr/bin/cc     -o CMakeFiles/cmTC_f785c.dir/testCCompiler.c.o   -c /home/jiameng/catkin_dvrk/build_release/cisst/CMakeFiles/CMakeTmp/testCCompiler.c
Linking C executable cmTC_f785c
/usr/bin/cmake -E cmake_link_script CMakeFiles/cmTC_f785c.dir/link.txt --verbose=1
/usr/bin/cc       CMakeFiles/cmTC_f785c.dir/testCCompiler.c.o  -o cmTC_f785c -rdynamic 
make[1]: Leaving directory '/home/jiameng/catkin_dvrk/build_release/cisst/CMakeFiles/CMakeTmp'


Detecting C compiler ABI info compiled with the following output:
Change Dir: /home/jiameng/catkin_dvrk/build_release/cisst/CMakeFiles/CMakeTmp

Run Build Command:"/usr/bin/make" "cmTC_bdb69/fast"
/usr/bin/make -f CMakeFiles/cmTC_bdb69.dir/build.make CMakeFiles/cmTC_bdb69.dir/build
make[1]: Entering directory '/home/jiameng/catkin_dvrk/build_release/cisst/CMakeFiles/CMakeTmp'
Building C object CMakeFiles/cmTC_bdb69.dir/CMakeCCompilerABI.c.o
/usr/bin/cc     -o CMakeFiles/cmTC_bdb69.dir/CMakeCCompilerABI.c.o   -c /usr/share/cmake-3.5/Modules/CMakeCCompilerABI.c
Linking C executable cmTC_bdb69
/usr/bin/cmake -E cmake_link_script CMakeFiles/cmTC_bdb69.dir/link.txt --verbose=1
/usr/bin/cc      -v CMakeFiles/cmTC_bdb69.dir/CMakeCCompilerABI.c.o  -o cmTC_bdb69 -rdynamic  
Using built-in specs.
COLLECT_GCC=/usr/bin/cc
COLLECT_LTO_WRAPPER=/usr/lib/gcc/x86_64-linux-gnu/5/lto-wrapper
Target: x86_64-linux-gnu
Configured with: ../src/configure -v --with-pkgversion='Ubuntu 5.4.0-6ubuntu1~16.04.5' --with-bugurl=file:///usr/share/doc/gcc-5/README.Bugs --enable-languages=c,ada,c++,java,go,d,fortran,objc,obj-c++ --prefix=/usr --program-suffix=-5 --enable-shared --enable-linker-build-id --libexecdir=/usr/lib --without-included-gettext --enable-threads=posix --libdir=/usr/lib --enable-nls --with-sysroot=/ --enable-clocale=gnu --enable-libstdcxx-debug --enable-libstdcxx-time=yes --with-default-libstdcxx-abi=new --enable-gnu-unique-object --disable-vtable-verify --enable-libmpx --enable-plugin --with-system-zlib --disable-browser-plugin --enable-java-awt=gtk --enable-gtk-cairo --with-java-home=/usr/lib/jvm/java-1.5.0-gcj-5-amd64/jre --enable-java-home --with-jvm-root-dir=/usr/lib/jvm/java-1.5.0-gcj-5-amd64 --with-jvm-jar-dir=/usr/lib/jvm-exports/java-1.5.0-gcj-5-amd64 --with-arch-directory=amd64 --with-ecj-jar=/usr/share/java/eclipse-ecj.jar --enable-objc-gc --enable-multiarch --disable-werror --with-arch-32=i686 --with-abi=m64 --with-multilib-list=m32,m64,mx32 --enable-multilib --with-tune=generic --enable-checking=release --build=x86_64-linux-gnu --host=x86_64-linux-gnu --target=x86_64-linux-gnu
Thread model: posix
gcc version 5.4.0 20160609 (Ubuntu 5.4.0-6ubuntu1~16.04.5) 
COMPILER_PATH=/usr/lib/gcc/x86_64-linux-gnu/5/:/usr/lib/gcc/x86_64-linux-gnu/5/:/usr/lib/gcc/x86_64-linux-gnu/:/usr/lib/gcc/x86_64-linux-gnu/5/:/usr/lib/gcc/x86_64-linux-gnu/
LIBRARY_PATH=/usr/lib/gcc/x86_64-linux-gnu/5/:/usr/lib/gcc/x86_64-linux-gnu/5/../../../x86_64-linux-gnu/:/usr/lib/gcc/x86_64-linux-gnu/5/../../../../lib/:/lib/x86_64-linux-gnu/:/lib/../lib/:/usr/lib/x86_64-linux-gnu/:/usr/lib/../lib/:/usr/lib/gcc/x86_64-linux-gnu/5/../../../:/lib/:/usr/lib/
COLLECT_GCC_OPTIONS='-v' '-o' 'cmTC_bdb69' '-rdynamic' '-mtune=generic' '-march=x86-64'
 /usr/lib/gcc/x86_64-linux-gnu/5/collect2 -plugin /usr/lib/gcc/x86_64-linux-gnu/5/liblto_plugin.so -plugin-opt=/usr/lib/gcc/x86_64-linux-gnu/5/lto-wrapper -plugin-opt=-fresolution=/tmp/ccl6EYzr.res -plugin-opt=-pass-through=-lgcc -plugin-opt=-pass-through=-lgcc_s -plugin-opt=-pass-through=-lc -plugin-opt=-pass-through=-lgcc -plugin-opt=-pass-through=-lgcc_s --sysroot=/ --build-id --eh-frame-hdr -m elf_x86_64 --hash-style=gnu --as-needed -export-dynamic -dynamic-linker /lib64/ld-linux-x86-64.so.2 -z relro -o cmTC_bdb69 /usr/lib/gcc/x86_64-linux-gnu/5/../../../x86_64-linux-gnu/crt1.o /usr/lib/gcc/x86_64-linux-gnu/5/../../../x86_64-linux-gnu/crti.o /usr/lib/gcc/x86_64-linux-gnu/5/crtbegin.o -L/usr/lib/gcc/x86_64-linux-gnu/5 -L/usr/lib/gcc/x86_64-linux-gnu/5/../../../x86_64-linux-gnu -L/usr/lib/gcc/x86_64-linux-gnu/5/../../../../lib -L/lib/x86_64-linux-gnu -L/lib/../lib -L/usr/lib/x86_64-linux-gnu -L/usr/lib/../lib -L/usr/lib/gcc/x86_64-linux-gnu/5/../../.. CMakeFiles/cmTC_bdb69.dir/CMakeCCompilerABI.c.o -lgcc --as-needed -lgcc_s --no-as-needed -lc -lgcc --as-needed -lgcc_s --no-as-needed /usr/lib/gcc/x86_64-linux-gnu/5/crtend.o /usr/lib/gcc/x86_64-linux-gnu/5/../../../x86_64-linux-gnu/crtn.o
make[1]: Leaving directory '/home/jiameng/catkin_dvrk/build_release/cisst/CMakeFiles/CMakeTmp'


Parsed C implicit link information from above output:
  link line regex: [^( *|.*[/\])(ld|([^/\]+-)?ld|collect2)[^/\]*( |$)]
  ignore line: [Change Dir: /home/jiameng/catkin_dvrk/build_release/cisst/CMakeFiles/CMakeTmp]
  ignore line: []
  ignore line: [Run Build Command:"/usr/bin/make" "cmTC_bdb69/fast"]
  ignore line: [/usr/bin/make -f CMakeFiles/cmTC_bdb69.dir/build.make CMakeFiles/cmTC_bdb69.dir/build]
  ignore line: [make[1]: Entering directory '/home/jiameng/catkin_dvrk/build_release/cisst/CMakeFiles/CMakeTmp']
  ignore line: [Building C object CMakeFiles/cmTC_bdb69.dir/CMakeCCompilerABI.c.o]
  ignore line: [/usr/bin/cc     -o CMakeFiles/cmTC_bdb69.dir/CMakeCCompilerABI.c.o   -c /usr/share/cmake-3.5/Modules/CMakeCCompilerABI.c]
  ignore line: [Linking C executable cmTC_bdb69]
  ignore line: [/usr/bin/cmake -E cmake_link_script CMakeFiles/cmTC_bdb69.dir/link.txt --verbose=1]
  ignore line: [/usr/bin/cc      -v CMakeFiles/cmTC_bdb69.dir/CMakeCCompilerABI.c.o  -o cmTC_bdb69 -rdynamic  ]
  ignore line: [Using built-in specs.]
  ignore line: [COLLECT_GCC=/usr/bin/cc]
  ignore line: [COLLECT_LTO_WRAPPER=/usr/lib/gcc/x86_64-linux-gnu/5/lto-wrapper]
  ignore line: [Target: x86_64-linux-gnu]
  ignore line: [Configured with: ../src/configure -v --with-pkgversion='Ubuntu 5.4.0-6ubuntu1~16.04.5' --with-bugurl=file:///usr/share/doc/gcc-5/README.Bugs --enable-languages=c,ada,c++,java,go,d,fortran,objc,obj-c++ --prefix=/usr --program-suffix=-5 --enable-shared --enable-linker-build-id --libexecdir=/usr/lib --without-included-gettext --enable-threads=posix --libdir=/usr/lib --enable-nls --with-sysroot=/ --enable-clocale=gnu --enable-libstdcxx-debug --enable-libstdcxx-time=yes --with-default-libstdcxx-abi=new --enable-gnu-unique-object --disable-vtable-verify --enable-libmpx --enable-plugin --with-system-zlib --disable-browser-plugin --enable-java-awt=gtk --enable-gtk-cairo --with-java-home=/usr/lib/jvm/java-1.5.0-gcj-5-amd64/jre --enable-java-home --with-jvm-root-dir=/usr/lib/jvm/java-1.5.0-gcj-5-amd64 --with-jvm-jar-dir=/usr/lib/jvm-exports/java-1.5.0-gcj-5-amd64 --with-arch-directory=amd64 --with-ecj-jar=/usr/share/java/eclipse-ecj.jar --enable-objc-gc --enable-multiarch --disable-werror --with-arch-32=i686 --with-abi=m64 --with-multilib-list=m32,m64,mx32 --enable-multilib --with-tune=generic --enable-checking=release --build=x86_64-linux-gnu --host=x86_64-linux-gnu --target=x86_64-linux-gnu]
  ignore line: [Thread model: posix]
  ignore line: [gcc version 5.4.0 20160609 (Ubuntu 5.4.0-6ubuntu1~16.04.5) ]
  ignore line: [COMPILER_PATH=/usr/lib/gcc/x86_64-linux-gnu/5/:/usr/lib/gcc/x86_64-linux-gnu/5/:/usr/lib/gcc/x86_64-linux-gnu/:/usr/lib/gcc/x86_64-linux-gnu/5/:/usr/lib/gcc/x86_64-linux-gnu/]
  ignore line: [LIBRARY_PATH=/usr/lib/gcc/x86_64-linux-gnu/5/:/usr/lib/gcc/x86_64-linux-gnu/5/../../../x86_64-linux-gnu/:/usr/lib/gcc/x86_64-linux-gnu/5/../../../../lib/:/lib/x86_64-linux-gnu/:/lib/../lib/:/usr/lib/x86_64-linux-gnu/:/usr/lib/../lib/:/usr/lib/gcc/x86_64-linux-gnu/5/../../../:/lib/:/usr/lib/]
  ignore line: [COLLECT_GCC_OPTIONS='-v' '-o' 'cmTC_bdb69' '-rdynamic' '-mtune=generic' '-march=x86-64']
  link line: [ /usr/lib/gcc/x86_64-linux-gnu/5/collect2 -plugin /usr/lib/gcc/x86_64-linux-gnu/5/liblto_plugin.so -plugin-opt=/usr/lib/gcc/x86_64-linux-gnu/5/lto-wrapper -plugin-opt=-fresolution=/tmp/ccl6EYzr.res -plugin-opt=-pass-through=-lgcc -plugin-opt=-pass-through=-lgcc_s -plugin-opt=-pass-through=-lc -plugin-opt=-pass-through=-lgcc -plugin-opt=-pass-through=-lgcc_s --sysroot=/ --build-id --eh-frame-hdr -m elf_x86_64 --hash-style=gnu --as-needed -export-dynamic -dynamic-linker /lib64/ld-linux-x86-64.so.2 -z relro -o cmTC_bdb69 /usr/lib/gcc/x86_64-linux-gnu/5/../../../x86_64-linux-gnu/crt1.o /usr/lib/gcc/x86_64-linux-gnu/5/../../../x86_64-linux-gnu/crti.o /usr/lib/gcc/x86_64-linux-gnu/5/crtbegin.o -L/usr/lib/gcc/x86_64-linux-gnu/5 -L/usr/lib/gcc/x86_64-linux-gnu/5/../../../x86_64-linux-gnu -L/usr/lib/gcc/x86_64-linux-gnu/5/../../../../lib -L/lib/x86_64-linux-gnu -L/lib/../lib -L/usr/lib/x86_64-linux-gnu -L/usr/lib/../lib -L/usr/lib/gcc/x86_64-linux-gnu/5/../../.. CMakeFiles/cmTC_bdb69.dir/CMakeCCompilerABI.c.o -lgcc --as-needed -lgcc_s --no-as-needed -lc -lgcc --as-needed -lgcc_s --no-as-needed /usr/lib/gcc/x86_64-linux-gnu/5/crtend.o /usr/lib/gcc/x86_64-linux-gnu/5/../../../x86_64-linux-gnu/crtn.o]
    arg [/usr/lib/gcc/x86_64-linux-gnu/5/collect2] ==> ignore
    arg [-plugin] ==> ignore
    arg [/usr/lib/gcc/x86_64-linux-gnu/5/liblto_plugin.so] ==> ignore
    arg [-plugin-opt=/usr/lib/gcc/x86_64-linux-gnu/5/lto-wrapper] ==> ignore
    arg [-plugin-opt=-fresolution=/tmp/ccl6EYzr.res] ==> ignore
    arg [-plugin-opt=-pass-through=-lgcc] ==> ignore
    arg [-plugin-opt=-pass-through=-lgcc_s] ==> ignore
    arg [-plugin-opt=-pass-through=-lc] ==> ignore
    arg [-plugin-opt=-pass-through=-lgcc] ==> ignore
    arg [-plugin-opt=-pass-through=-lgcc_s] ==> ignore
    arg [--sysroot=/] ==> ignore
    arg [--build-id] ==> ignore
    arg [--eh-frame-hdr] ==> ignore
    arg [-m] ==> ignore
    arg [elf_x86_64] ==> ignore
    arg [--hash-style=gnu] ==> ignore
    arg [--as-needed] ==> ignore
    arg [-export-dynamic] ==> ignore
    arg [-dynamic-linker] ==> ignore
    arg [/lib64/ld-linux-x86-64.so.2] ==> ignore
    arg [-zrelro] ==> ignore
    arg [-o] ==> ignore
    arg [cmTC_bdb69] ==> ignore
    arg [/usr/lib/gcc/x86_64-linux-gnu/5/../../../x86_64-linux-gnu/crt1.o] ==> ignore
    arg [/usr/lib/gcc/x86_64-linux-gnu/5/../../../x86_64-linux-gnu/crti.o] ==> ignore
    arg [/usr/lib/gcc/x86_64-linux-gnu/5/crtbegin.o] ==> ignore
    arg [-L/usr/lib/gcc/x86_64-linux-gnu/5] ==> dir [/usr/lib/gcc/x86_64-linux-gnu/5]
    arg [-L/usr/lib/gcc/x86_64-linux-gnu/5/../../../x86_64-linux-gnu] ==> dir [/usr/lib/gcc/x86_64-linux-gnu/5/../../../x86_64-linux-gnu]
    arg [-L/usr/lib/gcc/x86_64-linux-gnu/5/../../../../lib] ==> dir [/usr/lib/gcc/x86_64-linux-gnu/5/../../../../lib]
    arg [-L/lib/x86_64-linux-gnu] ==> dir [/lib/x86_64-linux-gnu]
    arg [-L/lib/../lib] ==> dir [/lib/../lib]
    arg [-L/usr/lib/x86_64-linux-gnu] ==> dir [/usr/lib/x86_64-linux-gnu]
    arg [-L/usr/lib/../lib] ==> dir [/usr/lib/../lib]
    arg [-L/usr/lib/gcc/x86_64-linux-gnu/5/../../..] ==> dir [/usr/lib/gcc/x86_64-linux-gnu/5/../../..]
    arg [CMakeFiles/cmTC_bdb69.dir/CMakeCCompilerABI.c.o] ==> ignore
    arg [-lgcc] ==> lib [gcc]
    arg [--as-needed] ==> ignore
    arg [-lgcc_s] ==> lib [gcc_s]
    arg [--no-as-needed] ==> ignore
    arg [-lc] ==> lib [c]
    arg [-lgcc] ==> lib [gcc]
    arg [--as-needed] ==> ignore
    arg [-lgcc_s] ==> lib [gcc_s]
    arg [--no-as-needed] ==> ignore
    arg [/usr/lib/gcc/x86_64-linux-gnu/5/crtend.o] ==> ignore
    arg [/usr/lib/gcc/x86_64-linux-gnu/5/../../../x86_64-linux-gnu/crtn.o] ==> ignore
  remove lib [gcc]
  remove lib [gcc_s]
  remove lib [gcc]
  remove lib [gcc_s]
  collapse library dir [/usr/lib/gcc/x86_64-linux-gnu/5] ==> [/usr/lib/gcc/x86_64-linux-gnu/5]
  collapse library dir [/usr/lib/gcc/x86_64-linux-gnu/5/../../../x86_64-linux-gnu] ==> [/usr/lib/x86_64-linux-gnu]
  collapse library dir [/usr/lib/gcc/x86_64-linux-gnu/5/../../../../lib] ==> [/usr/lib]
  collapse library dir [/lib/x86_64-linux-gnu] ==> [/lib/x86_64-linux-gnu]
  collapse library dir [/lib/../lib] ==> [/lib]
  collapse library dir [/usr/lib/x86_64-linux-gnu] ==> [/usr/lib/x86_64-linux-gnu]
  collapse library dir [/usr/lib/../lib] ==> [/usr/lib]
  collapse library dir [/usr/lib/gcc/x86_64-linux-gnu/5/../../..] ==> [/usr/lib]
  implicit libs: [c]
  implicit dirs: [/usr/lib/gcc/x86_64-linux-gnu/5;/usr/lib/x86_64-linux-gnu;/usr/lib;/lib/x86_64-linux-gnu;/lib]
  implicit fwks: []




Detecting C [-std=c11] compiler features compiled with the following output:
Change Dir: /home/jiameng/catkin_dvrk/build_release/cisst/CMakeFiles/CMakeTmp

Run Build Command:"/usr/bin/make" "cmTC_05ea2/fast"
/usr/bin/make -f CMakeFiles/cmTC_05ea2.dir/build.make CMakeFiles/cmTC_05ea2.dir/build
make[1]: Entering directory '/home/jiameng/catkin_dvrk/build_release/cisst/CMakeFiles/CMakeTmp'
Building C object CMakeFiles/cmTC_05ea2.dir/feature_tests.c.o
/usr/bin/cc    -std=c11 -o CMakeFiles/cmTC_05ea2.dir/feature_tests.c.o   -c /home/jiameng/catkin_dvrk/build_release/cisst/CMakeFiles/feature_tests.c
Linking C executable cmTC_05ea2
/usr/bin/cmake -E cmake_link_script CMakeFiles/cmTC_05ea2.dir/link.txt --verbose=1
/usr/bin/cc       CMakeFiles/cmTC_05ea2.dir/feature_tests.c.o  -o cmTC_05ea2 -rdynamic 
make[1]: Leaving directory '/home/jiameng/catkin_dvrk/build_release/cisst/CMakeFiles/CMakeTmp'


    Feature record: C_FEATURE:1c_function_prototypes
    Feature record: C_FEATURE:1c_restrict
    Feature record: C_FEATURE:1c_static_assert
    Feature record: C_FEATURE:1c_variadic_macros


Detecting C [-std=c99] compiler features compiled with the following output:
Change Dir: /home/jiameng/catkin_dvrk/build_release/cisst/CMakeFiles/CMakeTmp

Run Build Command:"/usr/bin/make" "cmTC_553e5/fast"
/usr/bin/make -f CMakeFiles/cmTC_553e5.dir/build.make CMakeFiles/cmTC_553e5.dir/build
make[1]: Entering directory '/home/jiameng/catkin_dvrk/build_release/cisst/CMakeFiles/CMakeTmp'
Building C object CMakeFiles/cmTC_553e5.dir/feature_tests.c.o
/usr/bin/cc    -std=c99 -o CMakeFiles/cmTC_553e5.dir/feature_tests.c.o   -c /home/jiameng/catkin_dvrk/build_release/cisst/CMakeFiles/feature_tests.c
Linking C executable cmTC_553e5
/usr/bin/cmake -E cmake_link_script CMakeFiles/cmTC_553e5.dir/link.txt --verbose=1
/usr/bin/cc       CMakeFiles/cmTC_553e5.dir/feature_tests.c.o  -o cmTC_553e5 -rdynamic 
make[1]: Leaving directory '/home/jiameng/catkin_dvrk/build_release/cisst/CMakeFiles/CMakeTmp'


    Feature record: C_FEATURE:1c_function_prototypes
    Feature record: C_FEATURE:1c_restrict
    Feature record: C_FEATURE:0c_static_assert
    Feature record: C_FEATURE:1c_variadic_macros


Detecting C [-std=c90] compiler features compiled with the following output:
Change Dir: /home/jiameng/catkin_dvrk/build_release/cisst/CMakeFiles/CMakeTmp

Run Build Command:"/usr/bin/make" "cmTC_f4aad/fast"
/usr/bin/make -f CMakeFiles/cmTC_f4aad.dir/build.make CMakeFiles/cmTC_f4aad.dir/build
make[1]: Entering directory '/home/jiameng/catkin_dvrk/build_release/cisst/CMakeFiles/CMakeTmp'
Building C object CMakeFiles/cmTC_f4aad.dir/feature_tests.c.o
/usr/bin/cc    -std=c90 -o CMakeFiles/cmTC_f4aad.dir/feature_tests.c.o   -c /home/jiameng/catkin_dvrk/build_release/cisst/CMakeFiles/feature_tests.c
Linking C executable cmTC_f4aad
/usr/bin/cmake -E cmake_link_script CMakeFiles/cmTC_f4aad.dir/link.txt --verbose=1
/usr/bin/cc       CMakeFiles/cmTC_f4aad.dir/feature_tests.c.o  -o cmTC_f4aad -rdynamic 
make[1]: Leaving directory '/home/jiameng/catkin_dvrk/build_release/cisst/CMakeFiles/CMakeTmp'


    Feature record: C_FEATURE:1c_function_prototypes
    Feature record: C_FEATURE:0c_restrict
    Feature record: C_FEATURE:0c_static_assert
    Feature record: C_FEATURE:0c_variadic_macros
Determining if the CXX compiler works passed with the following output:
Change Dir: /home/jiameng/catkin_dvrk/build_release/cisst/CMakeFiles/CMakeTmp

Run Build Command:"/usr/bin/make" "cmTC_5fead/fast"
/usr/bin/make -f CMakeFiles/cmTC_5fead.dir/build.make CMakeFiles/cmTC_5fead.dir/build
make[1]: Entering directory '/home/jiameng/catkin_dvrk/build_release/cisst/CMakeFiles/CMakeTmp'
Building CXX object CMakeFiles/cmTC_5fead.dir/testCXXCompiler.cxx.o
/usr/bin/c++      -o CMakeFiles/cmTC_5fead.dir/testCXXCompiler.cxx.o -c /home/jiameng/catkin_dvrk/build_release/cisst/CMakeFiles/CMakeTmp/testCXXCompiler.cxx
Linking CXX executable cmTC_5fead
/usr/bin/cmake -E cmake_link_script CMakeFiles/cmTC_5fead.dir/link.txt --verbose=1
/usr/bin/c++        CMakeFiles/cmTC_5fead.dir/testCXXCompiler.cxx.o  -o cmTC_5fead -rdynamic 
make[1]: Leaving directory '/home/jiameng/catkin_dvrk/build_release/cisst/CMakeFiles/CMakeTmp'


Detecting CXX compiler ABI info compiled with the following output:
Change Dir: /home/jiameng/catkin_dvrk/build_release/cisst/CMakeFiles/CMakeTmp

Run Build Command:"/usr/bin/make" "cmTC_41f53/fast"
/usr/bin/make -f CMakeFiles/cmTC_41f53.dir/build.make CMakeFiles/cmTC_41f53.dir/build
make[1]: Entering directory '/home/jiameng/catkin_dvrk/build_release/cisst/CMakeFiles/CMakeTmp'
Building CXX object CMakeFiles/cmTC_41f53.dir/CMakeCXXCompilerABI.cpp.o
/usr/bin/c++      -o CMakeFiles/cmTC_41f53.dir/CMakeCXXCompilerABI.cpp.o -c /usr/share/cmake-3.5/Modules/CMakeCXXCompilerABI.cpp
Linking CXX executable cmTC_41f53
/usr/bin/cmake -E cmake_link_script CMakeFiles/cmTC_41f53.dir/link.txt --verbose=1
/usr/bin/c++       -v CMakeFiles/cmTC_41f53.dir/CMakeCXXCompilerABI.cpp.o  -o cmTC_41f53 -rdynamic  
Using built-in specs.
COLLECT_GCC=/usr/bin/c++
COLLECT_LTO_WRAPPER=/usr/lib/gcc/x86_64-linux-gnu/5/lto-wrapper
Target: x86_64-linux-gnu
Configured with: ../src/configure -v --with-pkgversion='Ubuntu 5.4.0-6ubuntu1~16.04.5' --with-bugurl=file:///usr/share/doc/gcc-5/README.Bugs --enable-languages=c,ada,c++,java,go,d,fortran,objc,obj-c++ --prefix=/usr --program-suffix=-5 --enable-shared --enable-linker-build-id --libexecdir=/usr/lib --without-included-gettext --enable-threads=posix --libdir=/usr/lib --enable-nls --with-sysroot=/ --enable-clocale=gnu --enable-libstdcxx-debug --enable-libstdcxx-time=yes --with-default-libstdcxx-abi=new --enable-gnu-unique-object --disable-vtable-verify --enable-libmpx --enable-plugin --with-system-zlib --disable-browser-plugin --enable-java-awt=gtk --enable-gtk-cairo --with-java-home=/usr/lib/jvm/java-1.5.0-gcj-5-amd64/jre --enable-java-home --with-jvm-root-dir=/usr/lib/jvm/java-1.5.0-gcj-5-amd64 --with-jvm-jar-dir=/usr/lib/jvm-exports/java-1.5.0-gcj-5-amd64 --with-arch-directory=amd64 --with-ecj-jar=/usr/share/java/eclipse-ecj.jar --enable-objc-gc --enable-multiarch --disable-werror --with-arch-32=i686 --with-abi=m64 --with-multilib-list=m32,m64,mx32 --enable-multilib --with-tune=generic --enable-checking=release --build=x86_64-linux-gnu --host=x86_64-linux-gnu --target=x86_64-linux-gnu
Thread model: posix
gcc version 5.4.0 20160609 (Ubuntu 5.4.0-6ubuntu1~16.04.5) 
COMPILER_PATH=/usr/lib/gcc/x86_64-linux-gnu/5/:/usr/lib/gcc/x86_64-linux-gnu/5/:/usr/lib/gcc/x86_64-linux-gnu/:/usr/lib/gcc/x86_64-linux-gnu/5/:/usr/lib/gcc/x86_64-linux-gnu/
LIBRARY_PATH=/usr/lib/gcc/x86_64-linux-gnu/5/:/usr/lib/gcc/x86_64-linux-gnu/5/../../../x86_64-linux-gnu/:/usr/lib/gcc/x86_64-linux-gnu/5/../../../../lib/:/lib/x86_64-linux-gnu/:/lib/../lib/:/usr/lib/x86_64-linux-gnu/:/usr/lib/../lib/:/usr/lib/gcc/x86_64-linux-gnu/5/../../../:/lib/:/usr/lib/
COLLECT_GCC_OPTIONS='-v' '-o' 'cmTC_41f53' '-rdynamic' '-shared-libgcc' '-mtune=generic' '-march=x86-64'
 /usr/lib/gcc/x86_64-linux-gnu/5/collect2 -plugin /usr/lib/gcc/x86_64-linux-gnu/5/liblto_plugin.so -plugin-opt=/usr/lib/gcc/x86_64-linux-gnu/5/lto-wrapper -plugin-opt=-fresolution=/tmp/ccyhffVK.res -plugin-opt=-pass-through=-lgcc_s -plugin-opt=-pass-through=-lgcc -plugin-opt=-pass-through=-lc -plugin-opt=-pass-through=-lgcc_s -plugin-opt=-pass-through=-lgcc --sysroot=/ --build-id --eh-frame-hdr -m elf_x86_64 --hash-style=gnu --as-needed -export-dynamic -dynamic-linker /lib64/ld-linux-x86-64.so.2 -z relro -o cmTC_41f53 /usr/lib/gcc/x86_64-linux-gnu/5/../../../x86_64-linux-gnu/crt1.o /usr/lib/gcc/x86_64-linux-gnu/5/../../../x86_64-linux-gnu/crti.o /usr/lib/gcc/x86_64-linux-gnu/5/crtbegin.o -L/usr/lib/gcc/x86_64-linux-gnu/5 -L/usr/lib/gcc/x86_64-linux-gnu/5/../../../x86_64-linux-gnu -L/usr/lib/gcc/x86_64-linux-gnu/5/../../../../lib -L/lib/x86_64-linux-gnu -L/lib/../lib -L/usr/lib/x86_64-linux-gnu -L/usr/lib/../lib -L/usr/lib/gcc/x86_64-linux-gnu/5/../../.. CMakeFiles/cmTC_41f53.dir/CMakeCXXCompilerABI.cpp.o -lstdc++ -lm -lgcc_s -lgcc -lc -lgcc_s -lgcc /usr/lib/gcc/x86_64-linux-gnu/5/crtend.o /usr/lib/gcc/x86_64-linux-gnu/5/../../../x86_64-linux-gnu/crtn.o
make[1]: Leaving directory '/home/jiameng/catkin_dvrk/build_release/cisst/CMakeFiles/CMakeTmp'


Parsed CXX implicit link information from above output:
  link line regex: [^( *|.*[/\])(ld|([^/\]+-)?ld|collect2)[^/\]*( |$)]
  ignore line: [Change Dir: /home/jiameng/catkin_dvrk/build_release/cisst/CMakeFiles/CMakeTmp]
  ignore line: []
  ignore line: [Run Build Command:"/usr/bin/make" "cmTC_41f53/fast"]
  ignore line: [/usr/bin/make -f CMakeFiles/cmTC_41f53.dir/build.make CMakeFiles/cmTC_41f53.dir/build]
  ignore line: [make[1]: Entering directory '/home/jiameng/catkin_dvrk/build_release/cisst/CMakeFiles/CMakeTmp']
  ignore line: [Building CXX object CMakeFiles/cmTC_41f53.dir/CMakeCXXCompilerABI.cpp.o]
  ignore line: [/usr/bin/c++      -o CMakeFiles/cmTC_41f53.dir/CMakeCXXCompilerABI.cpp.o -c /usr/share/cmake-3.5/Modules/CMakeCXXCompilerABI.cpp]
  ignore line: [Linking CXX executable cmTC_41f53]
  ignore line: [/usr/bin/cmake -E cmake_link_script CMakeFiles/cmTC_41f53.dir/link.txt --verbose=1]
  ignore line: [/usr/bin/c++       -v CMakeFiles/cmTC_41f53.dir/CMakeCXXCompilerABI.cpp.o  -o cmTC_41f53 -rdynamic  ]
  ignore line: [Using built-in specs.]
  ignore line: [COLLECT_GCC=/usr/bin/c++]
  ignore line: [COLLECT_LTO_WRAPPER=/usr/lib/gcc/x86_64-linux-gnu/5/lto-wrapper]
  ignore line: [Target: x86_64-linux-gnu]
  ignore line: [Configured with: ../src/configure -v --with-pkgversion='Ubuntu 5.4.0-6ubuntu1~16.04.5' --with-bugurl=file:///usr/share/doc/gcc-5/README.Bugs --enable-languages=c,ada,c++,java,go,d,fortran,objc,obj-c++ --prefix=/usr --program-suffix=-5 --enable-shared --enable-linker-build-id --libexecdir=/usr/lib --without-included-gettext --enable-threads=posix --libdir=/usr/lib --enable-nls --with-sysroot=/ --enable-clocale=gnu --enable-libstdcxx-debug --enable-libstdcxx-time=yes --with-default-libstdcxx-abi=new --enable-gnu-unique-object --disable-vtable-verify --enable-libmpx --enable-plugin --with-system-zlib --disable-browser-plugin --enable-java-awt=gtk --enable-gtk-cairo --with-java-home=/usr/lib/jvm/java-1.5.0-gcj-5-amd64/jre --enable-java-home --with-jvm-root-dir=/usr/lib/jvm/java-1.5.0-gcj-5-amd64 --with-jvm-jar-dir=/usr/lib/jvm-exports/java-1.5.0-gcj-5-amd64 --with-arch-directory=amd64 --with-ecj-jar=/usr/share/java/eclipse-ecj.jar --enable-objc-gc --enable-multiarch --disable-werror --with-arch-32=i686 --with-abi=m64 --with-multilib-list=m32,m64,mx32 --enable-multilib --with-tune=generic --enable-checking=release --build=x86_64-linux-gnu --host=x86_64-linux-gnu --target=x86_64-linux-gnu]
  ignore line: [Thread model: posix]
  ignore line: [gcc version 5.4.0 20160609 (Ubuntu 5.4.0-6ubuntu1~16.04.5) ]
  ignore line: [COMPILER_PATH=/usr/lib/gcc/x86_64-linux-gnu/5/:/usr/lib/gcc/x86_64-linux-gnu/5/:/usr/lib/gcc/x86_64-linux-gnu/:/usr/lib/gcc/x86_64-linux-gnu/5/:/usr/lib/gcc/x86_64-linux-gnu/]
  ignore line: [LIBRARY_PATH=/usr/lib/gcc/x86_64-linux-gnu/5/:/usr/lib/gcc/x86_64-linux-gnu/5/../../../x86_64-linux-gnu/:/usr/lib/gcc/x86_64-linux-gnu/5/../../../../lib/:/lib/x86_64-linux-gnu/:/lib/../lib/:/usr/lib/x86_64-linux-gnu/:/usr/lib/../lib/:/usr/lib/gcc/x86_64-linux-gnu/5/../../../:/lib/:/usr/lib/]
  ignore line: [COLLECT_GCC_OPTIONS='-v' '-o' 'cmTC_41f53' '-rdynamic' '-shared-libgcc' '-mtune=generic' '-march=x86-64']
  link line: [ /usr/lib/gcc/x86_64-linux-gnu/5/collect2 -plugin /usr/lib/gcc/x86_64-linux-gnu/5/liblto_plugin.so -plugin-opt=/usr/lib/gcc/x86_64-linux-gnu/5/lto-wrapper -plugin-opt=-fresolution=/tmp/ccyhffVK.res -plugin-opt=-pass-through=-lgcc_s -plugin-opt=-pass-through=-lgcc -plugin-opt=-pass-through=-lc -plugin-opt=-pass-through=-lgcc_s -plugin-opt=-pass-through=-lgcc --sysroot=/ --build-id --eh-frame-hdr -m elf_x86_64 --hash-style=gnu --as-needed -export-dynamic -dynamic-linker /lib64/ld-linux-x86-64.so.2 -z relro -o cmTC_41f53 /usr/lib/gcc/x86_64-linux-gnu/5/../../../x86_64-linux-gnu/crt1.o /usr/lib/gcc/x86_64-linux-gnu/5/../../../x86_64-linux-gnu/crti.o /usr/lib/gcc/x86_64-linux-gnu/5/crtbegin.o -L/usr/lib/gcc/x86_64-linux-gnu/5 -L/usr/lib/gcc/x86_64-linux-gnu/5/../../../x86_64-linux-gnu -L/usr/lib/gcc/x86_64-linux-gnu/5/../../../../lib -L/lib/x86_64-linux-gnu -L/lib/../lib -L/usr/lib/x86_64-linux-gnu -L/usr/lib/../lib -L/usr/lib/gcc/x86_64-linux-gnu/5/../../.. CMakeFiles/cmTC_41f53.dir/CMakeCXXCompilerABI.cpp.o -lstdc++ -lm -lgcc_s -lgcc -lc -lgcc_s -lgcc /usr/lib/gcc/x86_64-linux-gnu/5/crtend.o /usr/lib/gcc/x86_64-linux-gnu/5/../../../x86_64-linux-gnu/crtn.o]
    arg [/usr/lib/gcc/x86_64-linux-gnu/5/collect2] ==> ignore
    arg [-plugin] ==> ignore
    arg [/usr/lib/gcc/x86_64-linux-gnu/5/liblto_plugin.so] ==> ignore
    arg [-plugin-opt=/usr/lib/gcc/x86_64-linux-gnu/5/lto-wrapper] ==> ignore
    arg [-plugin-opt=-fresolution=/tmp/ccyhffVK.res] ==> ignore
    arg [-plugin-opt=-pass-through=-lgcc_s] ==> ignore
    arg [-plugin-opt=-pass-through=-lgcc] ==> ignore
    arg [-plugin-opt=-pass-through=-lc] ==> ignore
    arg [-plugin-opt=-pass-through=-lgcc_s] ==> ignore
    arg [-plugin-opt=-pass-through=-lgcc] ==> ignore
    arg [--sysroot=/] ==> ignore
    arg [--build-id] ==> ignore
    arg [--eh-frame-hdr] ==> ignore
    arg [-m] ==> ignore
    arg [elf_x86_64] ==> ignore
    arg [--hash-style=gnu] ==> ignore
    arg [--as-needed] ==> ignore
    arg [-export-dynamic] ==> ignore
    arg [-dynamic-linker] ==> ignore
    arg [/lib64/ld-linux-x86-64.so.2] ==> ignore
    arg [-zrelro] ==> ignore
    arg [-o] ==> ignore
    arg [cmTC_41f53] ==> ignore
    arg [/usr/lib/gcc/x86_64-linux-gnu/5/../../../x86_64-linux-gnu/crt1.o] ==> ignore
    arg [/usr/lib/gcc/x86_64-linux-gnu/5/../../../x86_64-linux-gnu/crti.o] ==> ignore
    arg [/usr/lib/gcc/x86_64-linux-gnu/5/crtbegin.o] ==> ignore
    arg [-L/usr/lib/gcc/x86_64-linux-gnu/5] ==> dir [/usr/lib/gcc/x86_64-linux-gnu/5]
    arg [-L/usr/lib/gcc/x86_64-linux-gnu/5/../../../x86_64-linux-gnu] ==> dir [/usr/lib/gcc/x86_64-linux-gnu/5/../../../x86_64-linux-gnu]
    arg [-L/usr/lib/gcc/x86_64-linux-gnu/5/../../../../lib] ==> dir [/usr/lib/gcc/x86_64-linux-gnu/5/../../../../lib]
    arg [-L/lib/x86_64-linux-gnu] ==> dir [/lib/x86_64-linux-gnu]
    arg [-L/lib/../lib] ==> dir [/lib/../lib]
    arg [-L/usr/lib/x86_64-linux-gnu] ==> dir [/usr/lib/x86_64-linux-gnu]
    arg [-L/usr/lib/../lib] ==> dir [/usr/lib/../lib]
    arg [-L/usr/lib/gcc/x86_64-linux-gnu/5/../../..] ==> dir [/usr/lib/gcc/x86_64-linux-gnu/5/../../..]
    arg [CMakeFiles/cmTC_41f53.dir/CMakeCXXCompilerABI.cpp.o] ==> ignore
    arg [-lstdc++] ==> lib [stdc++]
    arg [-lm] ==> lib [m]
    arg [-lgcc_s] ==> lib [gcc_s]
    arg [-lgcc] ==> lib [gcc]
    arg [-lc] ==> lib [c]
    arg [-lgcc_s] ==> lib [gcc_s]
    arg [-lgcc] ==> lib [gcc]
    arg [/usr/lib/gcc/x86_64-linux-gnu/5/crtend.o] ==> ignore
    arg [/usr/lib/gcc/x86_64-linux-gnu/5/../../../x86_64-linux-gnu/crtn.o] ==> ignore
  remove lib [gcc_s]
  remove lib [gcc]
  remove lib [gcc_s]
  remove lib [gcc]
  collapse library dir [/usr/lib/gcc/x86_64-linux-gnu/5] ==> [/usr/lib/gcc/x86_64-linux-gnu/5]
  collapse library dir [/usr/lib/gcc/x86_64-linux-gnu/5/../../../x86_64-linux-gnu] ==> [/usr/lib/x86_64-linux-gnu]
  collapse library dir [/usr/lib/gcc/x86_64-linux-gnu/5/../../../../lib] ==> [/usr/lib]
  collapse library dir [/lib/x86_64-linux-gnu] ==> [/lib/x86_64-linux-gnu]
  collapse library dir [/lib/../lib] ==> [/lib]
  collapse library dir [/usr/lib/x86_64-linux-gnu] ==> [/usr/lib/x86_64-linux-gnu]
  collapse library dir [/usr/lib/../lib] ==> [/usr/lib]
  collapse library dir [/usr/lib/gcc/x86_64-linux-gnu/5/../../..] ==> [/usr/lib]
  implicit libs: [stdc++;m;c]
  implicit dirs: [/usr/lib/gcc/x86_64-linux-gnu/5;/usr/lib/x86_64-linux-gnu;/usr/lib;/lib/x86_64-linux-gnu;/lib]
  implicit fwks: []




Detecting CXX [-std=c++14] compiler features compiled with the following output:
Change Dir: /home/jiameng/catkin_dvrk/build_release/cisst/CMakeFiles/CMakeTmp

Run Build Command:"/usr/bin/make" "cmTC_a674a/fast"
/usr/bin/make -f CMakeFiles/cmTC_a674a.dir/build.make CMakeFiles/cmTC_a674a.dir/build
make[1]: Entering directory '/home/jiameng/catkin_dvrk/build_release/cisst/CMakeFiles/CMakeTmp'
Building CXX object CMakeFiles/cmTC_a674a.dir/feature_tests.cxx.o
/usr/bin/c++     -std=c++14 -o CMakeFiles/cmTC_a674a.dir/feature_tests.cxx.o -c /home/jiameng/catkin_dvrk/build_release/cisst/CMakeFiles/feature_tests.cxx
Linking CXX executable cmTC_a674a
/usr/bin/cmake -E cmake_link_script CMakeFiles/cmTC_a674a.dir/link.txt --verbose=1
/usr/bin/c++        CMakeFiles/cmTC_a674a.dir/feature_tests.cxx.o  -o cmTC_a674a -rdynamic 
make[1]: Leaving directory '/home/jiameng/catkin_dvrk/build_release/cisst/CMakeFiles/CMakeTmp'


    Feature record: CXX_FEATURE:1cxx_aggregate_default_initializers
    Feature record: CXX_FEATURE:1cxx_alias_templates
    Feature record: CXX_FEATURE:1cxx_alignas
    Feature record: CXX_FEATURE:1cxx_alignof
    Feature record: CXX_FEATURE:1cxx_attributes
    Feature record: CXX_FEATURE:1cxx_attribute_deprecated
    Feature record: CXX_FEATURE:1cxx_auto_type
    Feature record: CXX_FEATURE:1cxx_binary_literals
    Feature record: CXX_FEATURE:1cxx_constexpr
    Feature record: CXX_FEATURE:1cxx_contextual_conversions
    Feature record: CXX_FEATURE:1cxx_decltype
    Feature record: CXX_FEATURE:1cxx_decltype_auto
    Feature record: CXX_FEATURE:1cxx_decltype_incomplete_return_types
    Feature record: CXX_FEATURE:1cxx_default_function_template_args
    Feature record: CXX_FEATURE:1cxx_defaulted_functions
    Feature record: CXX_FEATURE:1cxx_defaulted_move_initializers
    Feature record: CXX_FEATURE:1cxx_delegating_constructors
    Feature record: CXX_FEATURE:1cxx_deleted_functions
    Feature record: CXX_FEATURE:1cxx_digit_separators
    Feature record: CXX_FEATURE:1cxx_enum_forward_declarations
    Feature record: CXX_FEATURE:1cxx_explicit_conversions
    Feature record: CXX_FEATURE:1cxx_extended_friend_declarations
    Feature record: CXX_FEATURE:1cxx_extern_templates
    Feature record: CXX_FEATURE:1cxx_final
    Feature record: CXX_FEATURE:1cxx_func_identifier
    Feature record: CXX_FEATURE:1cxx_generalized_initializers
    Feature record: CXX_FEATURE:1cxx_generic_lambdas
    Feature record: CXX_FEATURE:1cxx_inheriting_constructors
    Feature record: CXX_FEATURE:1cxx_inline_namespaces
    Feature record: CXX_FEATURE:1cxx_lambdas
    Feature record: CXX_FEATURE:1cxx_lambda_init_captures
    Feature record: CXX_FEATURE:1cxx_local_type_template_args
    Feature record: CXX_FEATURE:1cxx_long_long_type
    Feature record: CXX_FEATURE:1cxx_noexcept
    Feature record: CXX_FEATURE:1cxx_nonstatic_member_init
    Feature record: CXX_FEATURE:1cxx_nullptr
    Feature record: CXX_FEATURE:1cxx_override
    Feature record: CXX_FEATURE:1cxx_range_for
    Feature record: CXX_FEATURE:1cxx_raw_string_literals
    Feature record: CXX_FEATURE:1cxx_reference_qualified_functions
    Feature record: CXX_FEATURE:1cxx_relaxed_constexpr
    Feature record: CXX_FEATURE:1cxx_return_type_deduction
    Feature record: CXX_FEATURE:1cxx_right_angle_brackets
    Feature record: CXX_FEATURE:1cxx_rvalue_references
    Feature record: CXX_FEATURE:1cxx_sizeof_member
    Feature record: CXX_FEATURE:1cxx_static_assert
    Feature record: CXX_FEATURE:1cxx_strong_enums
    Feature record: CXX_FEATURE:1cxx_template_template_parameters
    Feature record: CXX_FEATURE:1cxx_thread_local
    Feature record: CXX_FEATURE:1cxx_trailing_return_types
    Feature record: CXX_FEATURE:1cxx_unicode_literals
    Feature record: CXX_FEATURE:1cxx_uniform_initialization
    Feature record: CXX_FEATURE:1cxx_unrestricted_unions
    Feature record: CXX_FEATURE:1cxx_user_literals
    Feature record: CXX_FEATURE:1cxx_variable_templates
    Feature record: CXX_FEATURE:1cxx_variadic_macros
    Feature record: CXX_FEATURE:1cxx_variadic_templates


Detecting CXX [-std=c++11] compiler features compiled with the following output:
Change Dir: /home/jiameng/catkin_dvrk/build_release/cisst/CMakeFiles/CMakeTmp

Run Build Command:"/usr/bin/make" "cmTC_02f46/fast"
/usr/bin/make -f CMakeFiles/cmTC_02f46.dir/build.make CMakeFiles/cmTC_02f46.dir/build
make[1]: Entering directory '/home/jiameng/catkin_dvrk/build_release/cisst/CMakeFiles/CMakeTmp'
Building CXX object CMakeFiles/cmTC_02f46.dir/feature_tests.cxx.o
/usr/bin/c++     -std=c++11 -o CMakeFiles/cmTC_02f46.dir/feature_tests.cxx.o -c /home/jiameng/catkin_dvrk/build_release/cisst/CMakeFiles/feature_tests.cxx
Linking CXX executable cmTC_02f46
/usr/bin/cmake -E cmake_link_script CMakeFiles/cmTC_02f46.dir/link.txt --verbose=1
/usr/bin/c++        CMakeFiles/cmTC_02f46.dir/feature_tests.cxx.o  -o cmTC_02f46 -rdynamic 
make[1]: Leaving directory '/home/jiameng/catkin_dvrk/build_release/cisst/CMakeFiles/CMakeTmp'


    Feature record: CXX_FEATURE:0cxx_aggregate_default_initializers
    Feature record: CXX_FEATURE:1cxx_alias_templates
    Feature record: CXX_FEATURE:1cxx_alignas
    Feature record: CXX_FEATURE:1cxx_alignof
    Feature record: CXX_FEATURE:1cxx_attributes
    Feature record: CXX_FEATURE:0cxx_attribute_deprecated
    Feature record: CXX_FEATURE:1cxx_auto_type
    Feature record: CXX_FEATURE:0cxx_binary_literals
    Feature record: CXX_FEATURE:1cxx_constexpr
    Feature record: CXX_FEATURE:0cxx_contextual_conversions
    Feature record: CXX_FEATURE:1cxx_decltype
    Feature record: CXX_FEATURE:0cxx_decltype_auto
    Feature record: CXX_FEATURE:1cxx_decltype_incomplete_return_types
    Feature record: CXX_FEATURE:1cxx_default_function_template_args
    Feature record: CXX_FEATURE:1cxx_defaulted_functions
    Feature record: CXX_FEATURE:1cxx_defaulted_move_initializers
    Feature record: CXX_FEATURE:1cxx_delegating_constructors
    Feature record: CXX_FEATURE:1cxx_deleted_functions
    Feature record: CXX_FEATURE:0cxx_digit_separators
    Feature record: CXX_FEATURE:1cxx_enum_forward_declarations
    Feature record: CXX_FEATURE:1cxx_explicit_conversions
    Feature record: CXX_FEATURE:1cxx_extended_friend_declarations
    Feature record: CXX_FEATURE:1cxx_extern_templates
    Feature record: CXX_FEATURE:1cxx_final
    Feature record: CXX_FEATURE:1cxx_func_identifier
    Feature record: CXX_FEATURE:1cxx_generalized_initializers
    Feature record: CXX_FEATURE:0cxx_generic_lambdas
    Feature record: CXX_FEATURE:1cxx_inheriting_constructors
    Feature record: CXX_FEATURE:1cxx_inline_namespaces
    Feature record: CXX_FEATURE:1cxx_lambdas
    Feature record: CXX_FEATURE:0cxx_lambda_init_captures
    Feature record: CXX_FEATURE:1cxx_local_type_template_args
    Feature record: CXX_FEATURE:1cxx_long_long_type
    Feature record: CXX_FEATURE:1cxx_noexcept
    Feature record: CXX_FEATURE:1cxx_nonstatic_member_init
    Feature record: CXX_FEATURE:1cxx_nullptr
    Feature record: CXX_FEATURE:1cxx_override
    Feature record: CXX_FEATURE:1cxx_range_for
    Feature record: CXX_FEATURE:1cxx_raw_string_literals
    Feature record: CXX_FEATURE:1cxx_reference_qualified_functions
    Feature record: CXX_FEATURE:0cxx_relaxed_constexpr
    Feature record: CXX_FEATURE:0cxx_return_type_deduction
    Feature record: CXX_FEATURE:1cxx_right_angle_brackets
    Feature record: CXX_FEATURE:1cxx_rvalue_references
    Feature record: CXX_FEATURE:1cxx_sizeof_member
    Feature record: CXX_FEATURE:1cxx_static_assert
    Feature record: CXX_FEATURE:1cxx_strong_enums
    Feature record: CXX_FEATURE:1cxx_template_template_parameters
    Feature record: CXX_FEATURE:1cxx_thread_local
    Feature record: CXX_FEATURE:1cxx_trailing_return_types
    Feature record: CXX_FEATURE:1cxx_unicode_literals
    Feature record: CXX_FEATURE:1cxx_uniform_initialization
    Feature record: CXX_FEATURE:1cxx_unrestricted_unions
    Feature record: CXX_FEATURE:1cxx_user_literals
    Feature record: CXX_FEATURE:0cxx_variable_templates
    Feature record: CXX_FEATURE:1cxx_variadic_macros
    Feature record: CXX_FEATURE:1cxx_variadic_templates


Detecting CXX [-std=c++98] compiler features compiled with the following output:
Change Dir: /home/jiameng/catkin_dvrk/build_release/cisst/CMakeFiles/CMakeTmp

Run Build Command:"/usr/bin/make" "cmTC_4708e/fast"
/usr/bin/make -f CMakeFiles/cmTC_4708e.dir/build.make CMakeFiles/cmTC_4708e.dir/build
make[1]: Entering directory '/home/jiameng/catkin_dvrk/build_release/cisst/CMakeFiles/CMakeTmp'
Building CXX object CMakeFiles/cmTC_4708e.dir/feature_tests.cxx.o
/usr/bin/c++     -std=c++98 -o CMakeFiles/cmTC_4708e.dir/feature_tests.cxx.o -c /home/jiameng/catkin_dvrk/build_release/cisst/CMakeFiles/feature_tests.cxx
Linking CXX executable cmTC_4708e
/usr/bin/cmake -E cmake_link_script CMakeFiles/cmTC_4708e.dir/link.txt --verbose=1
/usr/bin/c++        CMakeFiles/cmTC_4708e.dir/feature_tests.cxx.o  -o cmTC_4708e -rdynamic 
make[1]: Leaving directory '/home/jiameng/catkin_dvrk/build_release/cisst/CMakeFiles/CMakeTmp'


    Feature record: CXX_FEATURE:0cxx_aggregate_default_initializers
    Feature record: CXX_FEATURE:0cxx_alias_templates
    Feature record: CXX_FEATURE:0cxx_alignas
    Feature record: CXX_FEATURE:0cxx_alignof
    Feature record: CXX_FEATURE:0cxx_attributes
    Feature record: CXX_FEATURE:0cxx_attribute_deprecated
    Feature record: CXX_FEATURE:0cxx_auto_type
    Feature record: CXX_FEATURE:0cxx_binary_literals
    Feature record: CXX_FEATURE:0cxx_constexpr
    Feature record: CXX_FEATURE:0cxx_contextual_conversions
    Feature record: CXX_FEATURE:0cxx_decltype
    Feature record: CXX_FEATURE:0cxx_decltype_auto
    Feature record: CXX_FEATURE:0cxx_decltype_incomplete_return_types
    Feature record: CXX_FEATURE:0cxx_default_function_template_args
    Feature record: CXX_FEATURE:0cxx_defaulted_functions
    Feature record: CXX_FEATURE:0cxx_defaulted_move_initializers
    Feature record: CXX_FEATURE:0cxx_delegating_constructors
    Feature record: CXX_FEATURE:0cxx_deleted_functions
    Feature record: CXX_FEATURE:0cxx_digit_separators
    Feature record: CXX_FEATURE:0cxx_enum_forward_declarations
    Feature record: CXX_FEATURE:0cxx_explicit_conversions
    Feature record: CXX_FEATURE:0cxx_extended_friend_declarations
    Feature record: CXX_FEATURE:0cxx_extern_templates
    Feature record: CXX_FEATURE:0cxx_final
    Feature record: CXX_FEATURE:0cxx_func_identifier
    Feature record: CXX_FEATURE:0cxx_generalized_initializers
    Feature record: CXX_FEATURE:0cxx_generic_lambdas
    Feature record: CXX_FEATURE:0cxx_inheriting_constructors
    Feature record: CXX_FEATURE:0cxx_inline_namespaces
    Feature record: CXX_FEATURE:0cxx_lambdas
    Feature record: CXX_FEATURE:0cxx_lambda_init_captures
    Feature record: CXX_FEATURE:0cxx_local_type_template_args
    Feature record: CXX_FEATURE:0cxx_long_long_type
    Feature record: CXX_FEATURE:0cxx_noexcept
    Feature record: CXX_FEATURE:0cxx_nonstatic_member_init
    Feature record: CXX_FEATURE:0cxx_nullptr
    Feature record: CXX_FEATURE:0cxx_override
    Feature record: CXX_FEATURE:0cxx_range_for
    Feature record: CXX_FEATURE:0cxx_raw_string_literals
    Feature record: CXX_FEATURE:0cxx_reference_qualified_functions
    Feature record: CXX_FEATURE:0cxx_relaxed_constexpr
    Feature record: CXX_FEATURE:0cxx_return_type_deduction
    Feature record: CXX_FEATURE:0cxx_right_angle_brackets
    Feature record: CXX_FEATURE:0cxx_rvalue_references
    Feature record: CXX_FEATURE:0cxx_sizeof_member
    Feature record: CXX_FEATURE:0cxx_static_assert
    Feature record: CXX_FEATURE:0cxx_strong_enums
    Feature record: CXX_FEATURE:1cxx_template_template_parameters
    Feature record: CXX_FEATURE:0cxx_thread_local
    Feature record: CXX_FEATURE:0cxx_trailing_return_types
    Feature record: CXX_FEATURE:0cxx_unicode_literals
    Feature record: CXX_FEATURE:0cxx_uniform_initialization
    Feature record: CXX_FEATURE:0cxx_unrestricted_unions
    Feature record: CXX_FEATURE:0cxx_user_literals
    Feature record: CXX_FEATURE:0cxx_variable_templates
    Feature record: CXX_FEATURE:0cxx_variadic_macros
    Feature record: CXX_FEATURE:0cxx_variadic_templates
Performing C++ SOURCE FILE Test CXX_SUPPORTS_WEXTRA succeeded with the following output:
Change Dir: /home/jiameng/catkin_dvrk/build_release/cisst/CMakeFiles/CMakeTmp

Run Build Command:"/usr/bin/make" "cmTC_27a9f/fast"
/usr/bin/make -f CMakeFiles/cmTC_27a9f.dir/build.make CMakeFiles/cmTC_27a9f.dir/build
make[1]: Entering directory '/home/jiameng/catkin_dvrk/build_release/cisst/CMakeFiles/CMakeTmp'
Building CXX object CMakeFiles/cmTC_27a9f.dir/src.cxx.o
/usr/bin/c++     -fPIC -DCXX_SUPPORTS_WEXTRA   -Wextra -o CMakeFiles/cmTC_27a9f.dir/src.cxx.o -c /home/jiameng/catkin_dvrk/build_release/cisst/CMakeFiles/CMakeTmp/src.cxx
Linking CXX executable cmTC_27a9f
/usr/bin/cmake -E cmake_link_script CMakeFiles/cmTC_27a9f.dir/link.txt --verbose=1
/usr/bin/c++    -fPIC -DCXX_SUPPORTS_WEXTRA    CMakeFiles/cmTC_27a9f.dir/src.cxx.o  -o cmTC_27a9f -rdynamic 
make[1]: Leaving directory '/home/jiameng/catkin_dvrk/build_release/cisst/CMakeFiles/CMakeTmp'

Source file was:
int main() { return 0; }
Performing C++ SOURCE FILE Test CXX_SUPPORTS_WALL succeeded with the following output:
Change Dir: /home/jiameng/catkin_dvrk/build_release/cisst/CMakeFiles/CMakeTmp

Run Build Command:"/usr/bin/make" "cmTC_7d411/fast"
/usr/bin/make -f CMakeFiles/cmTC_7d411.dir/build.make CMakeFiles/cmTC_7d411.dir/build
make[1]: Entering directory '/home/jiameng/catkin_dvrk/build_release/cisst/CMakeFiles/CMakeTmp'
Building CXX object CMakeFiles/cmTC_7d411.dir/src.cxx.o
/usr/bin/c++     -fPIC -Wextra -DCXX_SUPPORTS_WALL   -Wall -o CMakeFiles/cmTC_7d411.dir/src.cxx.o -c /home/jiameng/catkin_dvrk/build_release/cisst/CMakeFiles/CMakeTmp/src.cxx
Linking CXX executable cmTC_7d411
/usr/bin/cmake -E cmake_link_script CMakeFiles/cmTC_7d411.dir/link.txt --verbose=1
/usr/bin/c++    -fPIC -Wextra -DCXX_SUPPORTS_WALL    CMakeFiles/cmTC_7d411.dir/src.cxx.o  -o cmTC_7d411 -rdynamic 
make[1]: Leaving directory '/home/jiameng/catkin_dvrk/build_release/cisst/CMakeFiles/CMakeTmp'

Source file was:
int main() { return 0; }
Determining if the Q_WS_X11 exist passed with the following output:
Change Dir: /home/jiameng/catkin_dvrk/build_release/cisst/CMakeFiles/CMakeTmp

Run Build Command:"/usr/bin/make" "cmTC_6d2ca/fast"
/usr/bin/make -f CMakeFiles/cmTC_6d2ca.dir/build.make CMakeFiles/cmTC_6d2ca.dir/build
make[1]: Entering directory '/home/jiameng/catkin_dvrk/build_release/cisst/CMakeFiles/CMakeTmp'
Building CXX object CMakeFiles/cmTC_6d2ca.dir/CheckSymbolExists.cxx.o
/usr/bin/c++    -I/usr/include/qt4  -fPIC -Wextra -Wall    -o CMakeFiles/cmTC_6d2ca.dir/CheckSymbolExists.cxx.o -c /home/jiameng/catkin_dvrk/build_release/cisst/CMakeFiles/CMakeTmp/CheckSymbolExists.cxx
Linking CXX executable cmTC_6d2ca
/usr/bin/cmake -E cmake_link_script CMakeFiles/cmTC_6d2ca.dir/link.txt --verbose=1
/usr/bin/c++    -fPIC -Wextra -Wall     CMakeFiles/cmTC_6d2ca.dir/CheckSymbolExists.cxx.o  -o cmTC_6d2ca -rdynamic 
make[1]: Leaving directory '/home/jiameng/catkin_dvrk/build_release/cisst/CMakeFiles/CMakeTmp'

File /home/jiameng/catkin_dvrk/build_release/cisst/CMakeFiles/CMakeTmp/CheckSymbolExists.cxx:
/* */
#include <QtCore/qglobal.h>

int main(int argc, char** argv)
{
  (void)argv;
#ifndef Q_WS_X11
  return ((int*)(&Q_WS_X11))[argc];
#else
  (void)argc;
  return 0;
#endif
}

Determining if the function XOpenDisplay exists in the /usr/lib/x86_64-linux-gnu/libX11.so;/usr/lib/x86_64-linux-gnu/libXext.so passed with the following output:
Change Dir: /home/jiameng/catkin_dvrk/build_release/cisst/CMakeFiles/CMakeTmp

Run Build Command:"/usr/bin/make" "cmTC_79b20/fast"
/usr/bin/make -f CMakeFiles/cmTC_79b20.dir/build.make CMakeFiles/cmTC_79b20.dir/build
make[1]: Entering directory '/home/jiameng/catkin_dvrk/build_release/cisst/CMakeFiles/CMakeTmp'
Building C object CMakeFiles/cmTC_79b20.dir/CheckFunctionExists.c.o
/usr/bin/cc    -DCHECK_FUNCTION_EXISTS=XOpenDisplay   -o CMakeFiles/cmTC_79b20.dir/CheckFunctionExists.c.o   -c /usr/share/cmake-3.5/Modules/CheckFunctionExists.c
Linking C executable cmTC_79b20
/usr/bin/cmake -E cmake_link_script CMakeFiles/cmTC_79b20.dir/link.txt --verbose=1
/usr/bin/cc   -DCHECK_FUNCTION_EXISTS=XOpenDisplay    CMakeFiles/cmTC_79b20.dir/CheckFunctionExists.c.o  -o cmTC_79b20 -rdynamic /usr/lib/x86_64-linux-gnu/libX11.so /usr/lib/x86_64-linux-gnu/libXext.so 
make[1]: Leaving directory '/home/jiameng/catkin_dvrk/build_release/cisst/CMakeFiles/CMakeTmp'


Determining if the function gethostbyname exists passed with the following output:
Change Dir: /home/jiameng/catkin_dvrk/build_release/cisst/CMakeFiles/CMakeTmp

Run Build Command:"/usr/bin/make" "cmTC_a7565/fast"
/usr/bin/make -f CMakeFiles/cmTC_a7565.dir/build.make CMakeFiles/cmTC_a7565.dir/build
make[1]: Entering directory '/home/jiameng/catkin_dvrk/build_release/cisst/CMakeFiles/CMakeTmp'
Building C object CMakeFiles/cmTC_a7565.dir/CheckFunctionExists.c.o
/usr/bin/cc    -DCHECK_FUNCTION_EXISTS=gethostbyname   -o CMakeFiles/cmTC_a7565.dir/CheckFunctionExists.c.o   -c /usr/share/cmake-3.5/Modules/CheckFunctionExists.c
Linking C executable cmTC_a7565
/usr/bin/cmake -E cmake_link_script CMakeFiles/cmTC_a7565.dir/link.txt --verbose=1
/usr/bin/cc   -DCHECK_FUNCTION_EXISTS=gethostbyname    CMakeFiles/cmTC_a7565.dir/CheckFunctionExists.c.o  -o cmTC_a7565 -rdynamic 
make[1]: Leaving directory '/home/jiameng/catkin_dvrk/build_release/cisst/CMakeFiles/CMakeTmp'


Determining if the function connect exists passed with the following output:
Change Dir: /home/jiameng/catkin_dvrk/build_release/cisst/CMakeFiles/CMakeTmp

Run Build Command:"/usr/bin/make" "cmTC_81b65/fast"
/usr/bin/make -f CMakeFiles/cmTC_81b65.dir/build.make CMakeFiles/cmTC_81b65.dir/build
make[1]: Entering directory '/home/jiameng/catkin_dvrk/build_release/cisst/CMakeFiles/CMakeTmp'
Building C object CMakeFiles/cmTC_81b65.dir/CheckFunctionExists.c.o
/usr/bin/cc    -DCHECK_FUNCTION_EXISTS=connect   -o CMakeFiles/cmTC_81b65.dir/CheckFunctionExists.c.o   -c /usr/share/cmake-3.5/Modules/CheckFunctionExists.c
Linking C executable cmTC_81b65
/usr/bin/cmake -E cmake_link_script CMakeFiles/cmTC_81b65.dir/link.txt --verbose=1
/usr/bin/cc   -DCHECK_FUNCTION_EXISTS=connect    CMakeFiles/cmTC_81b65.dir/CheckFunctionExists.c.o  -o cmTC_81b65 -rdynamic 
make[1]: Leaving directory '/home/jiameng/catkin_dvrk/build_release/cisst/CMakeFiles/CMakeTmp'


Determining if the function remove exists passed with the following output:
Change Dir: /home/jiameng/catkin_dvrk/build_release/cisst/CMakeFiles/CMakeTmp

Run Build Command:"/usr/bin/make" "cmTC_7745b/fast"
/usr/bin/make -f CMakeFiles/cmTC_7745b.dir/build.make CMakeFiles/cmTC_7745b.dir/build
make[1]: Entering directory '/home/jiameng/catkin_dvrk/build_release/cisst/CMakeFiles/CMakeTmp'
Building C object CMakeFiles/cmTC_7745b.dir/CheckFunctionExists.c.o
/usr/bin/cc    -DCHECK_FUNCTION_EXISTS=remove   -o CMakeFiles/cmTC_7745b.dir/CheckFunctionExists.c.o   -c /usr/share/cmake-3.5/Modules/CheckFunctionExists.c
Linking C executable cmTC_7745b
/usr/bin/cmake -E cmake_link_script CMakeFiles/cmTC_7745b.dir/link.txt --verbose=1
/usr/bin/cc   -DCHECK_FUNCTION_EXISTS=remove    CMakeFiles/cmTC_7745b.dir/CheckFunctionExists.c.o  -o cmTC_7745b -rdynamic 
make[1]: Leaving directory '/home/jiameng/catkin_dvrk/build_release/cisst/CMakeFiles/CMakeTmp'


Determining if the function shmat exists passed with the following output:
Change Dir: /home/jiameng/catkin_dvrk/build_release/cisst/CMakeFiles/CMakeTmp

Run Build Command:"/usr/bin/make" "cmTC_155d3/fast"
/usr/bin/make -f CMakeFiles/cmTC_155d3.dir/build.make CMakeFiles/cmTC_155d3.dir/build
make[1]: Entering directory '/home/jiameng/catkin_dvrk/build_release/cisst/CMakeFiles/CMakeTmp'
Building C object CMakeFiles/cmTC_155d3.dir/CheckFunctionExists.c.o
/usr/bin/cc    -DCHECK_FUNCTION_EXISTS=shmat   -o CMakeFiles/cmTC_155d3.dir/CheckFunctionExists.c.o   -c /usr/share/cmake-3.5/Modules/CheckFunctionExists.c
Linking C executable cmTC_155d3
/usr/bin/cmake -E cmake_link_script CMakeFiles/cmTC_155d3.dir/link.txt --verbose=1
/usr/bin/cc   -DCHECK_FUNCTION_EXISTS=shmat    CMakeFiles/cmTC_155d3.dir/CheckFunctionExists.c.o  -o cmTC_155d3 -rdynamic 
make[1]: Leaving directory '/home/jiameng/catkin_dvrk/build_release/cisst/CMakeFiles/CMakeTmp'


Determining if the function IceConnectionNumber exists in the ICE passed with the following output:
Change Dir: /home/jiameng/catkin_dvrk/build_release/cisst/CMakeFiles/CMakeTmp

Run Build Command:"/usr/bin/make" "cmTC_734fd/fast"
/usr/bin/make -f CMakeFiles/cmTC_734fd.dir/build.make CMakeFiles/cmTC_734fd.dir/build
make[1]: Entering directory '/home/jiameng/catkin_dvrk/build_release/cisst/CMakeFiles/CMakeTmp'
Building C object CMakeFiles/cmTC_734fd.dir/CheckFunctionExists.c.o
/usr/bin/cc    -DCHECK_FUNCTION_EXISTS=IceConnectionNumber   -o CMakeFiles/cmTC_734fd.dir/CheckFunctionExists.c.o   -c /usr/share/cmake-3.5/Modules/CheckFunctionExists.c
Linking C executable cmTC_734fd
/usr/bin/cmake -E cmake_link_script CMakeFiles/cmTC_734fd.dir/link.txt --verbose=1
/usr/bin/cc   -DCHECK_FUNCTION_EXISTS=IceConnectionNumber    CMakeFiles/cmTC_734fd.dir/CheckFunctionExists.c.o  -o cmTC_734fd -rdynamic -lICE 
make[1]: Leaving directory '/home/jiameng/catkin_dvrk/build_release/cisst/CMakeFiles/CMakeTmp'


Performing C++ SOURCE FILE Test CXX_SUPPORTS_FPIC succeeded with the following output:
Change Dir: /home/jiameng/catkin_dvrk/build_release/cisst/CMakeFiles/CMakeTmp

Run Build Command:"/usr/bin/make" "cmTC_b6c5f/fast"
/usr/bin/make -f CMakeFiles/cmTC_b6c5f.dir/build.make CMakeFiles/cmTC_b6c5f.dir/build
make[1]: Entering directory '/home/jiameng/catkin_dvrk/build_release/cisst/CMakeFiles/CMakeTmp'
Building CXX object CMakeFiles/cmTC_b6c5f.dir/src.cxx.o
/usr/bin/c++     -fPIC -Wextra -Wall -DCXX_SUPPORTS_FPIC   -fPIC -o CMakeFiles/cmTC_b6c5f.dir/src.cxx.o -c /home/jiameng/catkin_dvrk/build_release/cisst/CMakeFiles/CMakeTmp/src.cxx
Linking CXX executable cmTC_b6c5f
/usr/bin/cmake -E cmake_link_script CMakeFiles/cmTC_b6c5f.dir/link.txt --verbose=1
/usr/bin/c++    -fPIC -Wextra -Wall -DCXX_SUPPORTS_FPIC    CMakeFiles/cmTC_b6c5f.dir/src.cxx.o  -o cmTC_b6c5f -rdynamic 
make[1]: Leaving directory '/home/jiameng/catkin_dvrk/build_release/cisst/CMakeFiles/CMakeTmp'

Source file was:
int main() { return 0; }
Performing C++ SOURCE FILE Test CISST_OSTREAM_CAN_CAST_TO_VOID_PTR succeeded with the following output:
Change Dir: /home/jiameng/catkin_dvrk/build_release/cisst/CMakeFiles/CMakeTmp

Run Build Command:"/usr/bin/make" "cmTC_103ce/fast"
/usr/bin/make -f CMakeFiles/cmTC_103ce.dir/build.make CMakeFiles/cmTC_103ce.dir/build
make[1]: Entering directory '/home/jiameng/catkin_dvrk/build_release/cisst/CMakeFiles/CMakeTmp'
Building CXX object CMakeFiles/cmTC_103ce.dir/src.cxx.o
/usr/bin/c++     -fPIC -Wextra -Wall -DCISST_OSTREAM_CAN_CAST_TO_VOID_PTR   -o CMakeFiles/cmTC_103ce.dir/src.cxx.o -c /home/jiameng/catkin_dvrk/build_release/cisst/CMakeFiles/CMakeTmp/src.cxx
/home/jiameng/catkin_dvrk/build_release/cisst/CMakeFiles/CMakeTmp/src.cxx: In function int main(int, char**):
/home/jiameng/catkin_dvrk/build_release/cisst/CMakeFiles/CMakeTmp/src.cxx:3:44: warning: statement has no effect [-Wunused-value]
     true ? (void *) 0 : std::cerr << "true";
                                            ^
/home/jiameng/catkin_dvrk/build_release/cisst/CMakeFiles/CMakeTmp/src.cxx: At global scope:
/home/jiameng/catkin_dvrk/build_release/cisst/CMakeFiles/CMakeTmp/src.cxx:2:14: warning: unused parameter argc [-Wunused-parameter]
 int main(int argc, char ** argv) {
              ^
/home/jiameng/catkin_dvrk/build_release/cisst/CMakeFiles/CMakeTmp/src.cxx:2:28: warning: unused parameter argv [-Wunused-parameter]
 int main(int argc, char ** argv) {
                            ^
Linking CXX executable cmTC_103ce
/usr/bin/cmake -E cmake_link_script CMakeFiles/cmTC_103ce.dir/link.txt --verbose=1
/usr/bin/c++    -fPIC -Wextra -Wall -DCISST_OSTREAM_CAN_CAST_TO_VOID_PTR    CMakeFiles/cmTC_103ce.dir/src.cxx.o  -o cmTC_103ce -rdynamic 
make[1]: Leaving directory '/home/jiameng/catkin_dvrk/build_release/cisst/CMakeFiles/CMakeTmp'

Source file was:
#include <iostream>
int main(int argc, char ** argv) {
    true ? (void *) 0 : std::cerr << "true";
    false ? (void *) 0 : std::cerr << "false";
    return 0;
}
Determining if the isfinite exist passed with the following output:
Change Dir: /home/jiameng/catkin_dvrk/build_release/cisst/CMakeFiles/CMakeTmp

Run Build Command:"/usr/bin/make" "cmTC_771a8/fast"
/usr/bin/make -f CMakeFiles/cmTC_771a8.dir/build.make CMakeFiles/cmTC_771a8.dir/build
make[1]: Entering directory '/home/jiameng/catkin_dvrk/build_release/cisst/CMakeFiles/CMakeTmp'
Building C object CMakeFiles/cmTC_771a8.dir/CheckSymbolExists.c.o
/usr/bin/cc     -o CMakeFiles/cmTC_771a8.dir/CheckSymbolExists.c.o   -c /home/jiameng/catkin_dvrk/build_release/cisst/CMakeFiles/CMakeTmp/CheckSymbolExists.c
Linking C executable cmTC_771a8
/usr/bin/cmake -E cmake_link_script CMakeFiles/cmTC_771a8.dir/link.txt --verbose=1
/usr/bin/cc       CMakeFiles/cmTC_771a8.dir/CheckSymbolExists.c.o  -o cmTC_771a8 -rdynamic 
make[1]: Leaving directory '/home/jiameng/catkin_dvrk/build_release/cisst/CMakeFiles/CMakeTmp'

File /home/jiameng/catkin_dvrk/build_release/cisst/CMakeFiles/CMakeTmp/CheckSymbolExists.c:
/* */
#include <math.h>

int main(int argc, char** argv)
{
  (void)argv;
#ifndef isfinite
  return ((int*)(&isfinite))[argc];
#else
  (void)argc;
  return 0;
#endif
}

Determining if the include file pthread.h exists passed with the following output:
Change Dir: /home/jiameng/catkin_dvrk/build_release/cisst/CMakeFiles/CMakeTmp

Run Build Command:"/usr/bin/make" "cmTC_4b8b4/fast"
/usr/bin/make -f CMakeFiles/cmTC_4b8b4.dir/build.make CMakeFiles/cmTC_4b8b4.dir/build
make[1]: Entering directory '/home/jiameng/catkin_dvrk/build_release/cisst/CMakeFiles/CMakeTmp'
Building C object CMakeFiles/cmTC_4b8b4.dir/CheckIncludeFile.c.o
/usr/bin/cc     -o CMakeFiles/cmTC_4b8b4.dir/CheckIncludeFile.c.o   -c /home/jiameng/catkin_dvrk/build_release/cisst/CMakeFiles/CMakeTmp/CheckIncludeFile.c
Linking C executable cmTC_4b8b4
/usr/bin/cmake -E cmake_link_script CMakeFiles/cmTC_4b8b4.dir/link.txt --verbose=1
/usr/bin/cc       CMakeFiles/cmTC_4b8b4.dir/CheckIncludeFile.c.o  -o cmTC_4b8b4 -rdynamic 
make[1]: Leaving directory '/home/jiameng/catkin_dvrk/build_release/cisst/CMakeFiles/CMakeTmp'


Determining if the function pthread_create exists in the pthread passed with the following output:
Change Dir: /home/jiameng/catkin_dvrk/build_release/cisst/CMakeFiles/CMakeTmp

Run Build Command:"/usr/bin/make" "cmTC_b1917/fast"
/usr/bin/make -f CMakeFiles/cmTC_b1917.dir/build.make CMakeFiles/cmTC_b1917.dir/build
make[1]: Entering directory '/home/jiameng/catkin_dvrk/build_release/cisst/CMakeFiles/CMakeTmp'
Building C object CMakeFiles/cmTC_b1917.dir/CheckFunctionExists.c.o
/usr/bin/cc    -DCHECK_FUNCTION_EXISTS=pthread_create   -o CMakeFiles/cmTC_b1917.dir/CheckFunctionExists.c.o   -c /usr/share/cmake-3.5/Modules/CheckFunctionExists.c
Linking C executable cmTC_b1917
/usr/bin/cmake -E cmake_link_script CMakeFiles/cmTC_b1917.dir/link.txt --verbose=1
/usr/bin/cc   -DCHECK_FUNCTION_EXISTS=pthread_create    CMakeFiles/cmTC_b1917.dir/CheckFunctionExists.c.o  -o cmTC_b1917 -rdynamic -lpthread 
make[1]: Leaving directory '/home/jiameng/catkin_dvrk/build_release/cisst/CMakeFiles/CMakeTmp'


