Not searching for unused variables given on the command line.
[36m--[0m The C compiler identification is GNU 5.4.0
[36m--[0m The CXX compiler identification is GNU 5.4.0
[36m--[0m Check for working C compiler: /usr/bin/cc
[36m--[0m Check for working C compiler: /usr/bin/cc -- works
[36m--[0m Detecting C compiler ABI info
[36m--[0m Detecting C compiler ABI info - done
[36m--[0m Detecting C compile features
[36m--[0m Detecting C compile features - done
[36m--[0m Check for working CXX compiler: /usr/bin/c++
[36m--[0m Check for working CXX compiler: /usr/bin/c++ -- works
[36m--[0m Detecting CXX compiler ABI info
[36m--[0m Detecting CXX compiler ABI info - done
[36m--[0m Detecting CXX compile features
[36m--[0m Detecting CXX compile features - done
[36m--[0m Performing Test CXX_SUPPORTS_WEXTRA
[36m--[0m Performing Test CXX_SUPPORTS_WEXTRA - Success
[36m--[0m Performing Test CXX_SUPPORTS_WALL
[36m--[0m Performing Test CXX_SUPPORTS_WALL - Success
[36m--[0m Assuming cisst is built using ROS/catkin since ROS_ROOT is defined in environment
[36m--[0m Assuming cisst is built using ROS/catkin since ROS_ROOT is defined in environment
[36m--[0m Assuming cisst is built using ROS/catkin since ROS_ROOT is defined in environment
[36m--[0m Assuming cisst is built using ROS/catkin since ROS_ROOT is defined in environment
[36m--[0m Configuring done
CMake Warning (dev) in data-plot/CMakeLists.txt:
  Policy CMP0043 is not set: Ignore COMPILE_DEFINITIONS_<Config> properties.
  Run "cmake --help-policy CMP0043" for policy details.  Use the cmake_policy
  command to set the policy and suppress this warning.
This warning is for project developers.  Use -Wno-dev to suppress it.

CMake Warning (dev) in data-plot/CMakeLists.txt:
  Policy CMP0043 is not set: Ignore COMPILE_DEFINITIONS_<Config> properties.
  Run "cmake --help-policy CMP0043" for policy details.  Use the cmake_policy
  command to set the policy and suppress this warning.
This warning is for project developers.  Use -Wno-dev to suppress it.

CMake Warning (dev) in Qt/CMakeLists.txt:
  Policy CMP0043 is not set: Ignore COMPILE_DEFINITIONS_<Config> properties.
  Run "cmake --help-policy CMP0043" for policy details.  Use the cmake_policy
  command to set the policy and suppress this warning.
This warning is for project developers.  Use -Wno-dev to suppress it.

CMake Warning (dev) in Qt/CMakeLists.txt:
  Policy CMP0043 is not set: Ignore COMPILE_DEFINITIONS_<Config> properties.
  Run "cmake --help-policy CMP0043" for policy details.  Use the cmake_policy
  command to set the policy and suppress this warning.
This warning is for project developers.  Use -Wno-dev to suppress it.

CMake Warning (dev) in data-plot/CMakeLists.txt:
  Policy CMP0043 is not set: Ignore COMPILE_DEFINITIONS_<Config> properties.
  Run "cmake --help-policy CMP0043" for policy details.  Use the cmake_policy
  command to set the policy and suppress this warning.
This warning is for project developers.  Use -Wno-dev to suppress it.

CMake Warning (dev) in data-plot/CMakeLists.txt:
  Policy CMP0043 is not set: Ignore COMPILE_DEFINITIONS_<Config> properties.
  Run "cmake --help-policy CMP0043" for policy details.  Use the cmake_policy
  command to set the policy and suppress this warning.
This warning is for project developers.  Use -Wno-dev to suppress it.

[36m--[0m Generating done
[36m--[0m Build files have been written to: /home/jiameng/catkin_dvrk/build_release/saw_robot_io_1394_applications
