Determining if the pthread_create exist failed with the following output:
Change Dir: /home/jiameng/catkin_dvrk/build_release/cisst_conversions/CMakeFiles/CMakeTmp

Run Build Command:"/usr/bin/make" "cmTC_c9904/fast"
/usr/bin/make -f CMakeFiles/cmTC_c9904.dir/build.make CMakeFiles/cmTC_c9904.dir/build
make[1]: Entering directory '/home/jiameng/catkin_dvrk/build_release/cisst_conversions/CMakeFiles/CMakeTmp'
Building C object CMakeFiles/cmTC_c9904.dir/CheckSymbolExists.c.o
/usr/bin/cc     -o CMakeFiles/cmTC_c9904.dir/CheckSymbolExists.c.o   -c /home/jiameng/catkin_dvrk/build_release/cisst_conversions/CMakeFiles/CMakeTmp/CheckSymbolExists.c
Linking C executable cmTC_c9904
/usr/bin/cmake -E cmake_link_script CMakeFiles/cmTC_c9904.dir/link.txt --verbose=1
/usr/bin/cc       CMakeFiles/cmTC_c9904.dir/CheckSymbolExists.c.o  -o cmTC_c9904 -rdynamic 
CMakeFiles/cmTC_c9904.dir/CheckSymbolExists.c.o: In function `main':
CheckSymbolExists.c:(.text+0x16): undefined reference to `pthread_create'
collect2: error: ld returned 1 exit status
CMakeFiles/cmTC_c9904.dir/build.make:97: recipe for target 'cmTC_c9904' failed
make[1]: *** [cmTC_c9904] Error 1
make[1]: Leaving directory '/home/jiameng/catkin_dvrk/build_release/cisst_conversions/CMakeFiles/CMakeTmp'
Makefile:126: recipe for target 'cmTC_c9904/fast' failed
make: *** [cmTC_c9904/fast] Error 2

File /home/jiameng/catkin_dvrk/build_release/cisst_conversions/CMakeFiles/CMakeTmp/CheckSymbolExists.c:
/* */
#include <pthread.h>

int main(int argc, char** argv)
{
  (void)argv;
#ifndef pthread_create
  return ((int*)(&pthread_create))[argc];
#else
  (void)argc;
  return 0;
#endif
}

Determining if the function pthread_create exists in the pthreads failed with the following output:
Change Dir: /home/jiameng/catkin_dvrk/build_release/cisst_conversions/CMakeFiles/CMakeTmp

Run Build Command:"/usr/bin/make" "cmTC_47c1c/fast"
/usr/bin/make -f CMakeFiles/cmTC_47c1c.dir/build.make CMakeFiles/cmTC_47c1c.dir/build
make[1]: Entering directory '/home/jiameng/catkin_dvrk/build_release/cisst_conversions/CMakeFiles/CMakeTmp'
Building C object CMakeFiles/cmTC_47c1c.dir/CheckFunctionExists.c.o
/usr/bin/cc    -DCHECK_FUNCTION_EXISTS=pthread_create   -o CMakeFiles/cmTC_47c1c.dir/CheckFunctionExists.c.o   -c /usr/share/cmake-3.5/Modules/CheckFunctionExists.c
Linking C executable cmTC_47c1c
/usr/bin/cmake -E cmake_link_script CMakeFiles/cmTC_47c1c.dir/link.txt --verbose=1
/usr/bin/cc   -DCHECK_FUNCTION_EXISTS=pthread_create    CMakeFiles/cmTC_47c1c.dir/CheckFunctionExists.c.o  -o cmTC_47c1c -rdynamic -lpthreads 
/usr/bin/ld: cannot find -lpthreads
collect2: error: ld returned 1 exit status
CMakeFiles/cmTC_47c1c.dir/build.make:97: recipe for target 'cmTC_47c1c' failed
make[1]: *** [cmTC_47c1c] Error 1
make[1]: Leaving directory '/home/jiameng/catkin_dvrk/build_release/cisst_conversions/CMakeFiles/CMakeTmp'
Makefile:126: recipe for target 'cmTC_47c1c/fast' failed
make: *** [cmTC_47c1c/fast] Error 2


