[01m[K/home/jiameng/catkin_dvrk/src/cisst-saw/sawUniversalRobot/components/code/mtsUniversalRobotScriptRT.cpp:[m[K In member function ‘[01m[Kvirtual void mtsUniversalRobotScriptRT::Run()[m[K’:
[01m[K/home/jiameng/catkin_dvrk/src/cisst-saw/sawUniversalRobot/components/code/mtsUniversalRobotScriptRT.cpp:376:89:[m[K [01;35m[Kwarning: [m[Kdereferencing type-punned pointer will break strict-aliasing rules [-Wstrict-aliasing]
             module2 *base2 = (version <= VER_18) ? (module2 *)(&((packet_pre_3 *)buffer)->base2)
[01;32m[K                                                                                         ^[m[K
[01m[K/home/jiameng/catkin_dvrk/src/cisst-saw/sawUniversalRobot/components/code/mtsUniversalRobotScriptRT.cpp:377:89:[m[K [01;35m[Kwarning: [m[Kdereferencing type-punned pointer will break strict-aliasing rules [-Wstrict-aliasing]
                                                  : (module2 *)(&((packet_30_31 *)buffer)->base2);
[01;32m[K                                                                                         ^[m[K
In file included from [01m[K/home/jiameng/catkin_dvrk/src/cisst-saw/cisst/cisstCommon/cmnClassServices.h:36:0[m[K,
                 from [01m[K/home/jiameng/catkin_dvrk/src/cisst-saw/cisst/cisstCommon/cmnGenericObject.h:177[m[K,
                 from [01m[K/home/jiameng/catkin_dvrk/src/cisst-saw/cisst/cisstCommon/cmnDeSerializer.h:33[m[K,
                 from [01m[K/home/jiameng/catkin_dvrk/src/cisst-saw/cisst/cisstVector/vctFixedSizeVectorBase.h:28[m[K,
                 from [01m[K/home/jiameng/catkin_dvrk/src/cisst-saw/cisst/cisstVector/vctFixedSizeConstVectorRef.h:30[m[K,
                 from [01m[K/home/jiameng/catkin_dvrk/src/cisst-saw/cisst/cisstVector/vctFixedSizeVectorRef.h:28[m[K,
                 from [01m[K/home/jiameng/catkin_dvrk/src/cisst-saw/cisst/cisstVector/vctFixedSizeVector.h:30[m[K,
                 from [01m[K/home/jiameng/catkin_dvrk/src/cisst-saw/cisst/cisstVector/vctRodriguezRotation3Base.h:32[m[K,
                 from [01m[K/home/jiameng/catkin_dvrk/src/cisst-saw/cisst/cisstVector/vctRodriguezRotation3.h:30[m[K,
                 from [01m[K/home/jiameng/catkin_dvrk/src/cisst-saw/sawUniversalRobot/components/code/mtsUniversalRobotScriptRT.cpp:29[m[K:
[01m[K/home/jiameng/catkin_dvrk/src/cisst-saw/sawUniversalRobot/components/code/mtsUniversalRobotScriptRT.cpp:[m[K At global scope:
[01m[K/home/jiameng/catkin_dvrk/src/cisst-saw/sawUniversalRobot/components/code/mtsUniversalRobotScriptRT.cpp:109:39:[m[K [01;35m[Kwarning: [m[K‘[01m[KmtsUniversalRobotScriptRTClassServicesPointer[m[K’ defined but not used [-Wunused-variable]
 CMN_IMPLEMENT_SERVICES_DERIVED_ONEARG(mtsUniversalRobotScriptRT, mtsTaskContinuous, mtsTaskContinuousConstructorArg)
[01;32m[K                                       ^[m[K
[01m[K/home/jiameng/catkin_dvrk/src/cisst-saw/cisst/cisstCommon/cmnClassRegisterMacros.h:265:31:[m[K [01;36m[Knote: [m[Kin definition of macro ‘[01m[KCMN_IMPLEMENT_SERVICES_INTERNAL[m[K’
 static cmnClassServicesBase * className##ClassServicesPointer = className::ClassServices();
[01;32m[K                               ^[m[K
[01m[K/home/jiameng/catkin_dvrk/src/cisst-saw/sawUniversalRobot/components/code/mtsUniversalRobotScriptRT.cpp:109:1:[m[K [01;36m[Knote: [m[Kin expansion of macro ‘[01m[KCMN_IMPLEMENT_SERVICES_DERIVED_ONEARG[m[K’
 CMN_IMPLEMENT_SERVICES_DERIVED_ONEARG(mtsUniversalRobotScriptRT, mtsTaskContinuous, mtsTaskContinuousConstructorArg)
[01;32m[K ^[m[K
