CMake Warning (dev) at code/Amp1394/lib/CMakeLists.txt:12 (project):
  Policy CMP0048 is not set: project() command manages VERSION variables.
  Run "cmake --help-policy CMP0048" for policy details.  Use the cmake_policy
  command to set the policy and suppress this warning.

  The following variable(s) would be set to empty:

    Amp1394_VERSION
    Amp1394_VERSION_MAJOR
    Amp1394_VERSION_MINOR
    Amp1394_VERSION_PATCH
This warning is for project developers.  Use -Wno-dev to suppress it.

CMake Warning (dev) in code/Qt/CMakeLists.txt:
  Policy CMP0043 is not set: Ignore COMPILE_DEFINITIONS_<Config> properties.
  Run "cmake --help-policy CMP0043" for policy details.  Use the cmake_policy
  command to set the policy and suppress this warning.
This warning is for project developers.  Use -Wno-dev to suppress it.

CMake Warning (dev) in code/Qt/CMakeLists.txt:
  Policy CMP0043 is not set: Ignore COMPILE_DEFINITIONS_<Config> properties.
  Run "cmake --help-policy CMP0043" for policy details.  Use the cmake_policy
  command to set the policy and suppress this warning.
This warning is for project developers.  Use -Wno-dev to suppress it.

CMake Warning (dev) in code/Qt/CMakeLists.txt:
  Policy CMP0043 is not set: Ignore COMPILE_DEFINITIONS_<Config> properties.
  Run "cmake --help-policy CMP0043" for policy details.  Use the cmake_policy
  command to set the policy and suppress this warning.
This warning is for project developers.  Use -Wno-dev to suppress it.

CMake Warning (dev) in code/Qt/CMakeLists.txt:
  Policy CMP0043 is not set: Ignore COMPILE_DEFINITIONS_<Config> properties.
  Run "cmake --help-policy CMP0043" for policy details.  Use the cmake_policy
  command to set the policy and suppress this warning.
This warning is for project developers.  Use -Wno-dev to suppress it.

