[35m[1mScanning dependencies of target Amp1394[0m
[  2%] [32mBuilding CXX object code/Amp1394/lib/CMakeFiles/Amp1394.dir/code/AmpIO.cpp.o[0m
[  5%] [32mBuilding CXX object code/Amp1394/lib/CMakeFiles/Amp1394.dir/code/Amp1394Time.cpp.o[0m
[  8%] [32mBuilding CXX object code/Amp1394/lib/CMakeFiles/Amp1394.dir/code/FirewirePort.cpp.o[0m
[ 11%] [32m[1mLinking CXX static library ../../../lib/libAmp1394.a[0m
[ 11%] Built target Amp1394
[35m[1mScanning dependencies of target block1394[0m
[ 13%] [32mBuilding C object code/Amp1394/util/CMakeFiles/block1394.dir/block1394.c.o[0m
[ 16%] [32m[1mLinking C executable /home/jiameng/catkin_dvrk/devel_release/.private/saw_robot_io_1394/bin/block1394[0m
[34m[1mGenerating quad1394[0m
[ 16%] Built target block1394
[35m[1mScanning dependencies of target info1394[0m
[ 19%] [32mBuilding C object code/Amp1394/util/CMakeFiles/info1394.dir/info1394.c.o[0m
[ 22%] [32m[1mLinking C executable /home/jiameng/catkin_dvrk/devel_release/.private/saw_robot_io_1394/bin/info1394[0m
[ 22%] Built target info1394
[35m[1mScanning dependencies of target time1394[0m
[ 25%] [32mBuilding C object code/Amp1394/util/CMakeFiles/time1394.dir/time1394.c.o[0m
[ 27%] [32m[1mLinking C executable /home/jiameng/catkin_dvrk/devel_release/.private/saw_robot_io_1394/bin/time1394[0m
[ 27%] Built target time1394
[35m[1mScanning dependencies of target qladisp[0m
[ 30%] [32mBuilding CXX object code/Amp1394/tests/CMakeFiles/qladisp.dir/qladisp.cpp.o[0m
[ 33%] [32m[1mLinking CXX executable /home/jiameng/catkin_dvrk/devel_release/.private/saw_robot_io_1394/bin/qladisp[0m
[ 33%] Built target qladisp
[35m[1mScanning dependencies of target qlatest[0m
[ 36%] [32mBuilding CXX object code/Amp1394/tests/CMakeFiles/qlatest.dir/qlatest.cpp.o[0m
[35m[1mScanning dependencies of target fwPortTest[0m
[ 38%] [32mBuilding CXX object code/Amp1394/tests/CMakeFiles/fwPortTest.dir/fwPortTest.cpp.o[0m
[ 41%] [32m[1mLinking CXX executable /home/jiameng/catkin_dvrk/devel_release/.private/saw_robot_io_1394/bin/fwPortTest[0m
[ 41%] Built target fwPortTest
[01m[K/home/jiameng/catkin_dvrk/src/cisst-saw/sawRobotIO1394/components/code/Amp1394/tests/qlatest.cpp:711:23:[m[K [01;35m[Kwarning: [m[Kunused parameter ‘[01m[KcurLine[m[K’ [-Wunused-parameter]
 bool TestEthernet(int curLine, AmpIO &Board, BasePort *Port, std::ofstream &logFile)
[01;32m[K                       ^[m[K
[01m[K/home/jiameng/catkin_dvrk/src/cisst-saw/sawRobotIO1394/components/code/Amp1394/tests/qlatest.cpp:711:56:[m[K [01;35m[Kwarning: [m[Kunused parameter ‘[01m[KPort[m[K’ [-Wunused-parameter]
 bool TestEthernet(int curLine, AmpIO &Board, BasePort *Port, std::ofstream &logFile)
[01;32m[K                                                        ^[m[K
[ 44%] [32m[1mLinking CXX executable /home/jiameng/catkin_dvrk/devel_release/.private/saw_robot_io_1394/bin/qlatest[0m
[ 44%] Built target qlatest
[35m[1mScanning dependencies of target qlacloserelays[0m
[ 47%] [32mBuilding CXX object code/Amp1394/tests/CMakeFiles/qlacloserelays.dir/qlacloserelays.cpp.o[0m
[01m[K/home/jiameng/catkin_dvrk/src/cisst-saw/sawRobotIO1394/components/code/Amp1394/tests/qlacloserelays.cpp:[m[K In function ‘[01m[Kint main(int, char**)[m[K’:
[01m[K/home/jiameng/catkin_dvrk/src/cisst-saw/sawRobotIO1394/components/code/Amp1394/tests/qlacloserelays.cpp:47:19:[m[K [01;35m[Kwarning: [m[Kcomparison between signed and unsigned integer expressions [-Wsign-compare]
     for (i = 0; i < Port.GetNumOfNodes(); i++) {
[01;32m[K                   ^[m[K
[ 50%] [32m[1mLinking CXX executable /home/jiameng/catkin_dvrk/devel_release/.private/saw_robot_io_1394/bin/qlacloserelays[0m
[ 50%] Built target qlacloserelays
[35m[1mScanning dependencies of target pgm1394[0m
[ 52%] [32mBuilding CXX object code/Amp1394/programmer/CMakeFiles/pgm1394.dir/pgm1394.cpp.o[0m
[ 55%] [32mBuilding CXX object code/Amp1394/programmer/CMakeFiles/pgm1394.dir/mcsFile.cpp.o[0m
[ 58%] [32m[1mLinking CXX executable /home/jiameng/catkin_dvrk/devel_release/.private/saw_robot_io_1394/bin/pgm1394[0m
[ 58%] Built target pgm1394
[35m[1mScanning dependencies of target sawRobotIO1394Qt_automoc[0m
[ 61%] [34m[1mAutomatic moc for target sawRobotIO1394Qt[0m
[34m[1mGenerating moc_mtsRobotIO1394QtWidget.cpp[0m
[ 61%] Built target sawRobotIO1394Qt_automoc
[35m[1mScanning dependencies of target sawRobotIO1394[0m
[ 63%] [32mBuilding CXX object CMakeFiles/sawRobotIO1394.dir/code/osaRobot1394.cpp.o[0m
In file included from [01m[K/home/jiameng/catkin_dvrk/src/cisst-saw/cisst/cisstMultiTask/mtsGenericObjectProxy.h:32:0[m[K,
                 from [01m[K/home/jiameng/catkin_dvrk/src/cisst-saw/cisst/cisstParameterTypes/prmJointType.h:26[m[K,
                 from [01m[K/home/jiameng/catkin_dvrk/src/cisst-saw/sawRobotIO1394/components/include/sawRobotIO1394/osaRobot1394.h:27[m[K,
                 from [01m[K/home/jiameng/catkin_dvrk/src/cisst-saw/sawRobotIO1394/components/code/osaRobot1394.cpp:21[m[K:
[01m[K/home/jiameng/catkin_dvrk/src/cisst-saw/cisst/cisstMultiTask/mtsForwardDeclarations.h:154:24:[m[K [01;35m[Kwarning: [m[K‘[01m[KInvalidConnectionID[m[K’ defined but not used [-Wunused-variable]
 const ConnectionIDType InvalidConnectionID = (ConnectionIDType) std::numeric_limits<int>::max();
[01;32m[K                        ^[m[K
[ 66%] [32mBuilding CXX object CMakeFiles/sawRobotIO1394.dir/code/osaDigitalInput1394.cpp.o[0m
[ 69%] [32mBuilding CXX object CMakeFiles/sawRobotIO1394.dir/code/osaDigitalOutput1394.cpp.o[0m
In file included from [01m[K/home/jiameng/catkin_dvrk/src/cisst-saw/cisst/cisstMultiTask/mtsGenericObjectProxy.h:32:0[m[K,
                 from [01m[K/home/jiameng/catkin_dvrk/src/cisst-saw/cisst/cisstParameterTypes/prmJointType.h:26[m[K,
                 from [01m[K/home/jiameng/catkin_dvrk/src/cisst-saw/sawRobotIO1394/components/include/sawRobotIO1394/osaConfiguration1394.h:24[m[K,
                 from [01m[K/home/jiameng/catkin_dvrk/src/cisst-saw/sawRobotIO1394/components/include/sawRobotIO1394/osaDigitalInput1394.h:22[m[K,
                 from [01m[K/home/jiameng/catkin_dvrk/src/cisst-saw/sawRobotIO1394/components/code/osaDigitalInput1394.cpp:19[m[K:
[01m[K/home/jiameng/catkin_dvrk/src/cisst-saw/cisst/cisstMultiTask/mtsForwardDeclarations.h:154:24:[m[K [01;35m[Kwarning: [m[K‘[01m[KInvalidConnectionID[m[K’ defined but not used [-Wunused-variable]
 const ConnectionIDType InvalidConnectionID = (ConnectionIDType) std::numeric_limits<int>::max();
[01;32m[K                        ^[m[K
In file included from [01m[K/home/jiameng/catkin_dvrk/src/cisst-saw/cisst/cisstMultiTask/mtsGenericObjectProxy.h:32:0[m[K,
                 from [01m[K/home/jiameng/catkin_dvrk/src/cisst-saw/cisst/cisstParameterTypes/prmJointType.h:26[m[K,
                 from [01m[K/home/jiameng/catkin_dvrk/src/cisst-saw/sawRobotIO1394/components/include/sawRobotIO1394/osaConfiguration1394.h:24[m[K,
                 from [01m[K/home/jiameng/catkin_dvrk/src/cisst-saw/sawRobotIO1394/components/include/sawRobotIO1394/osaDigitalOutput1394.h:22[m[K,
                 from [01m[K/home/jiameng/catkin_dvrk/src/cisst-saw/sawRobotIO1394/components/code/osaDigitalOutput1394.cpp:19[m[K:
[01m[K/home/jiameng/catkin_dvrk/src/cisst-saw/cisst/cisstMultiTask/mtsForwardDeclarations.h:154:24:[m[K [01;35m[Kwarning: [m[K‘[01m[KInvalidConnectionID[m[K’ defined but not used [-Wunused-variable]
 const ConnectionIDType InvalidConnectionID = (ConnectionIDType) std::numeric_limits<int>::max();
[01;32m[K                        ^[m[K
[ 72%] [32mBuilding CXX object CMakeFiles/sawRobotIO1394.dir/code/osaPort1394.cpp.o[0m
[ 75%] [32mBuilding CXX object CMakeFiles/sawRobotIO1394.dir/code/osaXML1394.cpp.o[0m
In file included from [01m[K/home/jiameng/catkin_dvrk/src/cisst-saw/cisst/cisstMultiTask/mtsGenericObjectProxy.h:32:0[m[K,
                 from [01m[K/home/jiameng/catkin_dvrk/src/cisst-saw/cisst/cisstParameterTypes/prmJointType.h:26[m[K,
                 from [01m[K/home/jiameng/catkin_dvrk/src/cisst-saw/sawRobotIO1394/components/include/sawRobotIO1394/osaConfiguration1394.h:24[m[K,
                 from [01m[K/home/jiameng/catkin_dvrk/src/cisst-saw/sawRobotIO1394/components/include/sawRobotIO1394/osaPort1394.h:33[m[K,
                 from [01m[K/home/jiameng/catkin_dvrk/src/cisst-saw/sawRobotIO1394/components/code/osaPort1394.cpp:29[m[K:
[01m[K/home/jiameng/catkin_dvrk/src/cisst-saw/cisst/cisstMultiTask/mtsForwardDeclarations.h:154:24:[m[K [01;35m[Kwarning: [m[K‘[01m[KInvalidConnectionID[m[K’ defined but not used [-Wunused-variable]
 const ConnectionIDType InvalidConnectionID = (ConnectionIDType) std::numeric_limits<int>::max();
[01;32m[K                        ^[m[K
[ 77%] [32mBuilding CXX object CMakeFiles/sawRobotIO1394.dir/code/mtsRobot1394.cpp.o[0m
[01m[K/home/jiameng/catkin_dvrk/src/cisst-saw/sawRobotIO1394/components/code/osaXML1394.cpp:[m[K In function ‘[01m[Kbool sawRobotIO1394::osaXML1394ConfigureRobot(cmnXMLPath&, int, sawRobotIO1394::osaRobot1394Configuration&)[m[K’:
[01m[K/home/jiameng/catkin_dvrk/src/cisst-saw/sawRobotIO1394/components/code/osaXML1394.cpp:274:70:[m[K [01;35m[Kwarning: [m[K‘[01m[KunitPosConversion[m[K’ may be used uninitialized in this function [-Wmaybe-uninitialized]
             actuator.Pot.VoltageToPositionOffset *= unitPosConversion; // -------------------------------------------- adeguet1, make sure these are degrees
[01;32m[K                                                                      ^[m[K
In file included from [01m[K/home/jiameng/catkin_dvrk/src/cisst-saw/cisst/cisstMultiTask/mtsGenericObjectProxy.h:32:0[m[K,
                 from [01m[K/home/jiameng/catkin_dvrk/src/cisst-saw/cisst/cisstParameterTypes/prmJointType.h:26[m[K,
                 from [01m[K/home/jiameng/catkin_dvrk/src/cisst-saw/sawRobotIO1394/components/include/sawRobotIO1394/osaConfiguration1394.h:24[m[K,
                 from [01m[K/home/jiameng/catkin_dvrk/src/cisst-saw/sawRobotIO1394/components/include/sawRobotIO1394/osaXML1394.h:24[m[K,
                 from [01m[K/home/jiameng/catkin_dvrk/src/cisst-saw/sawRobotIO1394/components/code/osaXML1394.cpp:20[m[K:
[01m[K/home/jiameng/catkin_dvrk/src/cisst-saw/cisst/cisstMultiTask/mtsForwardDeclarations.h:[m[K At global scope:
[01m[K/home/jiameng/catkin_dvrk/src/cisst-saw/cisst/cisstMultiTask/mtsForwardDeclarations.h:154:24:[m[K [01;35m[Kwarning: [m[K‘[01m[KInvalidConnectionID[m[K’ defined but not used [-Wunused-variable]
 const ConnectionIDType InvalidConnectionID = (ConnectionIDType) std::numeric_limits<int>::max();
[01;32m[K                        ^[m[K
[ 80%] [32mBuilding CXX object CMakeFiles/sawRobotIO1394.dir/code/mtsDigitalInput1394.cpp.o[0m
[ 83%] [32mBuilding CXX object CMakeFiles/sawRobotIO1394.dir/code/mtsDigitalOutput1394.cpp.o[0m
[ 86%] [32mBuilding CXX object CMakeFiles/sawRobotIO1394.dir/code/mtsRobotIO1394.cpp.o[0m
In file included from [01m[K/home/jiameng/catkin_dvrk/src/cisst-saw/cisst/cisstCommon/cmnClassServices.h:36:0[m[K,
                 from [01m[K/home/jiameng/catkin_dvrk/src/cisst-saw/cisst/cisstCommon/cmnGenericObject.h:177[m[K,
                 from [01m[K/home/jiameng/catkin_dvrk/src/cisst-saw/cisst/cisstCommon/cmnXMLPath.h:32[m[K,
                 from [01m[K/home/jiameng/catkin_dvrk/src/cisst-saw/sawRobotIO1394/components/code/mtsRobotIO1394.cpp:21[m[K:
[01m[K/home/jiameng/catkin_dvrk/src/cisst-saw/sawRobotIO1394/components/code/mtsRobotIO1394.cpp:40:39:[m[K [01;35m[Kwarning: [m[K‘[01m[KmtsRobotIO1394ClassServicesPointer[m[K’ defined but not used [-Wunused-variable]
 CMN_IMPLEMENT_SERVICES_DERIVED_ONEARG(mtsRobotIO1394, mtsTaskPeriodic, mtsTaskPeriodicConstructorArg)
[01;32m[K                                       ^[m[K
[01m[K/home/jiameng/catkin_dvrk/src/cisst-saw/cisst/cisstCommon/cmnClassRegisterMacros.h:265:31:[m[K [01;36m[Knote: [m[Kin definition of macro ‘[01m[KCMN_IMPLEMENT_SERVICES_INTERNAL[m[K’
 static cmnClassServicesBase * className##ClassServicesPointer = className::ClassServices();
[01;32m[K                               ^[m[K
[01m[K/home/jiameng/catkin_dvrk/src/cisst-saw/sawRobotIO1394/components/code/mtsRobotIO1394.cpp:40:1:[m[K [01;36m[Knote: [m[Kin expansion of macro ‘[01m[KCMN_IMPLEMENT_SERVICES_DERIVED_ONEARG[m[K’
 CMN_IMPLEMENT_SERVICES_DERIVED_ONEARG(mtsRobotIO1394, mtsTaskPeriodic, mtsTaskPeriodicConstructorArg)
[01;32m[K ^[m[K
[ 88%] [32m[1mLinking CXX shared library lib/libsawRobotIO1394.so[0m
[ 88%] Built target sawRobotIO1394
[35m[1mScanning dependencies of target sawRobotIO1394Qt[0m
[ 91%] [32mBuilding CXX object code/Qt/CMakeFiles/sawRobotIO1394Qt.dir/mtsRobotIO1394QtWidget.cpp.o[0m
[ 94%] [32mBuilding CXX object code/Qt/CMakeFiles/sawRobotIO1394Qt.dir/mtsRobotIO1394QtWidgetFactory.cpp.o[0m
[ 97%] [32mBuilding CXX object code/Qt/CMakeFiles/sawRobotIO1394Qt.dir/sawRobotIO1394Qt_automoc.cpp.o[0m
In file included from [01m[K/home/jiameng/catkin_dvrk/src/cisst-saw/cisst/cisstCommon/cmnGenericObject.h:179:0[m[K,
                 from [01m[K/home/jiameng/catkin_dvrk/src/cisst-saw/cisst/cisstCommon/cmnClassServices.h:34[m[K,
                 from [01m[K/home/jiameng/catkin_dvrk/src/cisst-saw/cisst/cisstMultiTask/mtsForwardDeclarations.h:29[m[K,
                 from [01m[K/home/jiameng/catkin_dvrk/src/cisst-saw/cisst/cisstMultiTask/mtsTask.h:35[m[K,
                 from [01m[K/home/jiameng/catkin_dvrk/src/cisst-saw/cisst/cisstMultiTask/mtsTaskContinuous.h:28[m[K,
                 from [01m[K/home/jiameng/catkin_dvrk/src/cisst-saw/cisst/cisstMultiTask/mtsTaskPeriodic.h:29[m[K,
                 from [01m[K/home/jiameng/catkin_dvrk/src/cisst-saw/sawRobotIO1394/components/include/sawRobotIO1394/mtsRobotIO1394.h:26[m[K,
                 from [01m[K/home/jiameng/catkin_dvrk/src/cisst-saw/sawRobotIO1394/components/code/Qt/mtsRobotIO1394QtWidgetFactory.cpp:24[m[K:
[01m[K/home/jiameng/catkin_dvrk/src/cisst-saw/sawRobotIO1394/components/code/Qt/mtsRobotIO1394QtWidgetFactory.cpp:31:39:[m[K [01;35m[Kwarning: [m[K‘[01m[KmtsRobotIO1394QtWidgetFactoryClassServicesPointer[m[K’ defined but not used [-Wunused-variable]
 CMN_IMPLEMENT_SERVICES_DERIVED_ONEARG(mtsRobotIO1394QtWidgetFactory, mtsComponent, std::string);
[01;32m[K                                       ^[m[K
[01m[K/home/jiameng/catkin_dvrk/src/cisst-saw/cisst/cisstCommon/cmnClassRegisterMacros.h:265:31:[m[K [01;36m[Knote: [m[Kin definition of macro ‘[01m[KCMN_IMPLEMENT_SERVICES_INTERNAL[m[K’
 static cmnClassServicesBase * className##ClassServicesPointer = className::ClassServices();
[01;32m[K                               ^[m[K
[01m[K/home/jiameng/catkin_dvrk/src/cisst-saw/sawRobotIO1394/components/code/Qt/mtsRobotIO1394QtWidgetFactory.cpp:31:1:[m[K [01;36m[Knote: [m[Kin expansion of macro ‘[01m[KCMN_IMPLEMENT_SERVICES_DERIVED_ONEARG[m[K’
 CMN_IMPLEMENT_SERVICES_DERIVED_ONEARG(mtsRobotIO1394QtWidgetFactory, mtsComponent, std::string);
[01;32m[K ^[m[K
In file included from [01m[K/home/jiameng/catkin_dvrk/src/cisst-saw/cisst/cisstCommon/cmnClassServices.h:36:0[m[K,
                 from [01m[K/home/jiameng/catkin_dvrk/src/cisst-saw/cisst/cisstCommon/cmnGenericObject.h:177[m[K,
                 from [01m[K/home/jiameng/catkin_dvrk/src/cisst-saw/cisst/cisstOSAbstraction/osaTimeServer.h:29[m[K,
                 from [01m[K/home/jiameng/catkin_dvrk/src/cisst-saw/sawRobotIO1394/components/include/sawRobotIO1394/mtsRobotIO1394QtWidget.h:22[m[K,
                 from [01m[K/home/jiameng/catkin_dvrk/src/cisst-saw/sawRobotIO1394/components/code/Qt/mtsRobotIO1394QtWidget.cpp:31[m[K:
[01m[K/home/jiameng/catkin_dvrk/src/cisst-saw/sawRobotIO1394/components/code/Qt/mtsRobotIO1394QtWidget.cpp:37:39:[m[K [01;35m[Kwarning: [m[K‘[01m[KmtsRobotIO1394QtWidgetClassServicesPointer[m[K’ defined but not used [-Wunused-variable]
 CMN_IMPLEMENT_SERVICES_DERIVED_ONEARG(mtsRobotIO1394QtWidget, mtsComponent, mtsComponentConstructorNameAndUInt)
[01;32m[K                                       ^[m[K
[01m[K/home/jiameng/catkin_dvrk/src/cisst-saw/cisst/cisstCommon/cmnClassRegisterMacros.h:265:31:[m[K [01;36m[Knote: [m[Kin definition of macro ‘[01m[KCMN_IMPLEMENT_SERVICES_INTERNAL[m[K’
 static cmnClassServicesBase * className##ClassServicesPointer = className::ClassServices();
[01;32m[K                               ^[m[K
[01m[K/home/jiameng/catkin_dvrk/src/cisst-saw/sawRobotIO1394/components/code/Qt/mtsRobotIO1394QtWidget.cpp:37:1:[m[K [01;36m[Knote: [m[Kin expansion of macro ‘[01m[KCMN_IMPLEMENT_SERVICES_DERIVED_ONEARG[m[K’
 CMN_IMPLEMENT_SERVICES_DERIVED_ONEARG(mtsRobotIO1394QtWidget, mtsComponent, mtsComponentConstructorNameAndUInt)
[01;32m[K ^[m[K
[100%] [32m[1mLinking CXX shared library ../../lib/libsawRobotIO1394Qt.so[0m
[100%] Built target sawRobotIO1394Qt
