In file included from [01m[K/home/jiameng/catkin_dvrk/src/cisst-saw/cisst/cisstCommon/cmnClassServices.h:36:0[m[K,
                 from [01m[K/home/jiameng/catkin_dvrk/src/cisst-saw/cisst/cisstCommon/cmnGenericObject.h:177[m[K,
                 from [01m[K/home/jiameng/catkin_dvrk/src/cisst-saw/cisst/cisstCommon/cmnSerializer.h:33[m[K,
                 from [01m[K/home/jiameng/catkin_dvrk/src/cisst-saw/cisst/cisstVector/vctFixedSizeConstMatrixBase.h:28[m[K,
                 from [01m[K/home/jiameng/catkin_dvrk/src/cisst-saw/cisst/cisstVector/vctFixedSizeMatrixBase.h:30[m[K,
                 from [01m[K/home/jiameng/catkin_dvrk/src/cisst-saw/cisst/cisstVector/vctFixedSizeConstMatrixRef.h:30[m[K,
                 from [01m[K/home/jiameng/catkin_dvrk/src/cisst-saw/cisst/cisstVector/vctFixedSizeMatrix.h:30[m[K,
                 from [01m[K/home/jiameng/catkin_dvrk/src/cisst-saw/cisst/cisstVector/vctFixedSizeMatrixTypes.h:29[m[K,
                 from [01m[K/home/jiameng/catkin_dvrk/src/cisst-saw/cisst/cisstVector/vctTransformationTypes.h:29[m[K,
                 from [01m[K/home/jiameng/catkin_dvrk/src/cisst-saw/cisst/cisstRobot/robManipulator.h:25[m[K,
                 from [01m[K/home/jiameng/catkin_dvrk/src/dvrk-ros/deprecated/dvrk_teleop/src/mtsTeleop.cpp:2[m[K:
[01m[K/home/jiameng/catkin_dvrk/src/dvrk-ros/deprecated/dvrk_teleop/src/mtsTeleop.cpp:11:32:[m[K [01;35m[Kwarning: [m[K‘[01m[KmtsTeleopClassServicesPointer[m[K’ defined but not used [-Wunused-variable]
 CMN_IMPLEMENT_SERVICES_DERIVED(mtsTeleop, mtsTaskPeriodic);
[01;32m[K                                ^[m[K
[01m[K/home/jiameng/catkin_dvrk/src/cisst-saw/cisst/cisstCommon/cmnClassRegisterMacros.h:265:31:[m[K [01;36m[Knote: [m[Kin definition of macro ‘[01m[KCMN_IMPLEMENT_SERVICES_INTERNAL[m[K’
 static cmnClassServicesBase * className##ClassServicesPointer = className::ClassServices();
[01;32m[K                               ^[m[K
[01m[K/home/jiameng/catkin_dvrk/src/dvrk-ros/deprecated/dvrk_teleop/src/mtsTeleop.cpp:11:1:[m[K [01;36m[Knote: [m[Kin expansion of macro ‘[01m[KCMN_IMPLEMENT_SERVICES_DERIVED[m[K’
 CMN_IMPLEMENT_SERVICES_DERIVED(mtsTeleop, mtsTaskPeriodic);
[01;32m[K ^[m[K
[01m[K/home/jiameng/catkin_dvrk/src/dvrk-ros/deprecated/dvrk_teleop/src/dvrkTeleopQWidget.cpp:16:57:[m[K [01;35m[Kwarning: [m[Kunused parameter ‘[01m[Kname[m[K’ [-Wunused-parameter]
 dvrkTeleopQWidget::dvrkTeleopQWidget(const std::string &name, const double &period):
[01;32m[K                                                         ^[m[K
