[35m[1mScanning dependencies of target dvrk_teleop[0m
[35m[1mScanning dependencies of target dvrk_teleop_gui_automoc[0m
[ 12%] [34m[1mAutomatic moc for target dvrk_teleop_gui[0m
[34m[1mGenerating moc_dvrkTeleopQWidget.cpp[0m
[ 25%] [32mBuilding CXX object CMakeFiles/dvrk_teleop.dir/src/teleop.cpp.o[0m
[ 37%] [32mBuilding CXX object CMakeFiles/dvrk_teleop.dir/src/mtsTeleop.cpp.o[0m
[ 37%] Built target dvrk_teleop_gui_automoc
[35m[1mScanning dependencies of target dvrk_teleop_gui[0m
[ 62%] [32mBuilding CXX object CMakeFiles/dvrk_teleop_gui.dir/src/teleopGUI.cpp.o[0m
[ 62%] [32mBuilding CXX object CMakeFiles/dvrk_teleop_gui.dir/src/dvrkTeleopQWidget.cpp.o[0m
[ 75%] [32mBuilding CXX object CMakeFiles/dvrk_teleop_gui.dir/dvrk_teleop_gui_automoc.cpp.o[0m
In file included from [01m[K/home/jiameng/catkin_dvrk/src/cisst-saw/cisst/cisstCommon/cmnClassServices.h:36:0[m[K,
                 from [01m[K/home/jiameng/catkin_dvrk/src/cisst-saw/cisst/cisstCommon/cmnGenericObject.h:177[m[K,
                 from [01m[K/home/jiameng/catkin_dvrk/src/cisst-saw/cisst/cisstCommon/cmnSerializer.h:33[m[K,
                 from [01m[K/home/jiameng/catkin_dvrk/src/cisst-saw/cisst/cisstVector/vctFixedSizeConstMatrixBase.h:28[m[K,
                 from [01m[K/home/jiameng/catkin_dvrk/src/cisst-saw/cisst/cisstVector/vctFixedSizeMatrixBase.h:30[m[K,
                 from [01m[K/home/jiameng/catkin_dvrk/src/cisst-saw/cisst/cisstVector/vctFixedSizeConstMatrixRef.h:30[m[K,
                 from [01m[K/home/jiameng/catkin_dvrk/src/cisst-saw/cisst/cisstVector/vctFixedSizeMatrix.h:30[m[K,
                 from [01m[K/home/jiameng/catkin_dvrk/src/cisst-saw/cisst/cisstVector/vctFixedSizeMatrixTypes.h:29[m[K,
                 from [01m[K/home/jiameng/catkin_dvrk/src/cisst-saw/cisst/cisstVector/vctTransformationTypes.h:29[m[K,
                 from [01m[K/home/jiameng/catkin_dvrk/src/cisst-saw/cisst/cisstRobot/robManipulator.h:25[m[K,
                 from [01m[K/home/jiameng/catkin_dvrk/src/dvrk-ros/deprecated/dvrk_teleop/src/mtsTeleop.cpp:2[m[K:
[01m[K/home/jiameng/catkin_dvrk/src/dvrk-ros/deprecated/dvrk_teleop/src/mtsTeleop.cpp:11:32:[m[K [01;35m[Kwarning: [m[K‘[01m[KmtsTeleopClassServicesPointer[m[K’ defined but not used [-Wunused-variable]
 CMN_IMPLEMENT_SERVICES_DERIVED(mtsTeleop, mtsTaskPeriodic);
[01;32m[K                                ^[m[K
[01m[K/home/jiameng/catkin_dvrk/src/cisst-saw/cisst/cisstCommon/cmnClassRegisterMacros.h:265:31:[m[K [01;36m[Knote: [m[Kin definition of macro ‘[01m[KCMN_IMPLEMENT_SERVICES_INTERNAL[m[K’
 static cmnClassServicesBase * className##ClassServicesPointer = className::ClassServices();
[01;32m[K                               ^[m[K
[01m[K/home/jiameng/catkin_dvrk/src/dvrk-ros/deprecated/dvrk_teleop/src/mtsTeleop.cpp:11:1:[m[K [01;36m[Knote: [m[Kin expansion of macro ‘[01m[KCMN_IMPLEMENT_SERVICES_DERIVED[m[K’
 CMN_IMPLEMENT_SERVICES_DERIVED(mtsTeleop, mtsTaskPeriodic);
[01;32m[K ^[m[K
[ 87%] [32m[1mLinking CXX executable /home/jiameng/catkin_dvrk/devel_release/.private/dvrk_teleop/lib/dvrk_teleop/dvrk_teleop[0m
[ 87%] Built target dvrk_teleop
[01m[K/home/jiameng/catkin_dvrk/src/dvrk-ros/deprecated/dvrk_teleop/src/dvrkTeleopQWidget.cpp:16:57:[m[K [01;35m[Kwarning: [m[Kunused parameter ‘[01m[Kname[m[K’ [-Wunused-parameter]
 dvrkTeleopQWidget::dvrkTeleopQWidget(const std::string &name, const double &period):
[01;32m[K                                                         ^[m[K
[100%] [32m[1mLinking CXX executable /home/jiameng/catkin_dvrk/devel_release/.private/dvrk_teleop/lib/dvrk_teleop/dvrk_teleop_gui[0m
[100%] Built target dvrk_teleop_gui
